[2024-04-29 10:34:53] production.ERROR: SQLSTATE[42S02]: Base table or view not found: 1146 Table 'shoe_store.sessions' doesn't exist (Connection: mysql, SQL: select * from `sessions` where `id` = 6MyvjmIJVML7FR0U0z6vfQV8uVbZwFun3xfSQ7Qd limit 1) {"exception":"[object] (Illuminate\\Database\\QueryException(code: 42S02): SQLSTATE[42S02]: Base table or view not found: 1146 Table 'shoe_store.sessions' doesn't exist (Connection: mysql, SQL: select * from `sessions` where `id` = 6MyvjmIJVML7FR0U0z6vfQV8uVbZwFun3xfSQ7Qd limit 1) at C:\\TDTU\\HK4\\Web\\CK_WEB\\vendor\\laravel\\framework\\src\\Illuminate\\Database\\Connection.php:813)
[stacktrace]
#0 C:\\TDTU\\HK4\\Web\\CK_WEB\\vendor\\laravel\\framework\\src\\Illuminate\\Database\\Connection.php(767): Illuminate\\Database\\Connection->runQueryCallback()
#1 C:\\TDTU\\HK4\\Web\\CK_WEB\\vendor\\laravel\\framework\\src\\Illuminate\\Database\\Connection.php(398): Illuminate\\Database\\Connection->run()
#2 C:\\TDTU\\HK4\\Web\\CK_WEB\\vendor\\laravel\\framework\\src\\Illuminate\\Database\\Query\\Builder.php(2934): Illuminate\\Database\\Connection->select()
#3 C:\\TDTU\\HK4\\Web\\CK_WEB\\vendor\\laravel\\framework\\src\\Illuminate\\Database\\Query\\Builder.php(2919): Illuminate\\Database\\Query\\Builder->runSelect()
#4 C:\\TDTU\\HK4\\Web\\CK_WEB\\vendor\\laravel\\framework\\src\\Illuminate\\Database\\Query\\Builder.php(3507): Illuminate\\Database\\Query\\Builder->Illuminate\\Database\\Query\\{closure}()
#5 C:\\TDTU\\HK4\\Web\\CK_WEB\\vendor\\laravel\\framework\\src\\Illuminate\\Database\\Query\\Builder.php(2918): Illuminate\\Database\\Query\\Builder->onceWithColumns()
#6 C:\\TDTU\\HK4\\Web\\CK_WEB\\vendor\\laravel\\framework\\src\\Illuminate\\Database\\Concerns\\BuildsQueries.php(335): Illuminate\\Database\\Query\\Builder->get()
#7 C:\\TDTU\\HK4\\Web\\CK_WEB\\vendor\\laravel\\framework\\src\\Illuminate\\Database\\Query\\Builder.php(2841): Illuminate\\Database\\Query\\Builder->first()
#8 C:\\TDTU\\HK4\\Web\\CK_WEB\\vendor\\laravel\\framework\\src\\Illuminate\\Session\\DatabaseSessionHandler.php(97): Illuminate\\Database\\Query\\Builder->find()
#9 C:\\TDTU\\HK4\\Web\\CK_WEB\\vendor\\laravel\\framework\\src\\Illuminate\\Session\\Store.php(113): Illuminate\\Session\\DatabaseSessionHandler->read()
#10 C:\\TDTU\\HK4\\Web\\CK_WEB\\vendor\\laravel\\framework\\src\\Illuminate\\Session\\Store.php(101): Illuminate\\Session\\Store->readFromHandler()
#11 C:\\TDTU\\HK4\\Web\\CK_WEB\\vendor\\laravel\\framework\\src\\Illuminate\\Session\\Store.php(85): Illuminate\\Session\\Store->loadSession()
#12 C:\\TDTU\\HK4\\Web\\CK_WEB\\vendor\\laravel\\framework\\src\\Illuminate\\Session\\Middleware\\StartSession.php(147): Illuminate\\Session\\Store->start()
#13 C:\\TDTU\\HK4\\Web\\CK_WEB\\vendor\\laravel\\framework\\src\\Illuminate\\Support\\helpers.php(359): Illuminate\\Session\\Middleware\\StartSession->Illuminate\\Session\\Middleware\\{closure}()
#14 C:\\TDTU\\HK4\\Web\\CK_WEB\\vendor\\laravel\\framework\\src\\Illuminate\\Session\\Middleware\\StartSession.php(144): tap()
#15 C:\\TDTU\\HK4\\Web\\CK_WEB\\vendor\\laravel\\framework\\src\\Illuminate\\Session\\Middleware\\StartSession.php(116): Illuminate\\Session\\Middleware\\StartSession->startSession()
#16 C:\\TDTU\\HK4\\Web\\CK_WEB\\vendor\\laravel\\framework\\src\\Illuminate\\Session\\Middleware\\StartSession.php(64): Illuminate\\Session\\Middleware\\StartSession->handleStatefulRequest()
#17 C:\\TDTU\\HK4\\Web\\CK_WEB\\vendor\\laravel\\framework\\src\\Illuminate\\Pipeline\\Pipeline.php(183): Illuminate\\Session\\Middleware\\StartSession->handle()
#18 C:\\TDTU\\HK4\\Web\\CK_WEB\\vendor\\laravel\\framework\\src\\Illuminate\\Cookie\\Middleware\\AddQueuedCookiesToResponse.php(37): Illuminate\\Pipeline\\Pipeline->Illuminate\\Pipeline\\{closure}()
#19 C:\\TDTU\\HK4\\Web\\CK_WEB\\vendor\\laravel\\framework\\src\\Illuminate\\Pipeline\\Pipeline.php(183): Illuminate\\Cookie\\Middleware\\AddQueuedCookiesToResponse->handle()
#20 C:\\TDTU\\HK4\\Web\\CK_WEB\\vendor\\laravel\\framework\\src\\Illuminate\\Cookie\\Middleware\\EncryptCookies.php(75): Illuminate\\Pipeline\\Pipeline->Illuminate\\Pipeline\\{closure}()
#21 C:\\TDTU\\HK4\\Web\\CK_WEB\\vendor\\laravel\\framework\\src\\Illuminate\\Pipeline\\Pipeline.php(183): Illuminate\\Cookie\\Middleware\\EncryptCookies->handle()
#22 C:\\TDTU\\HK4\\Web\\CK_WEB\\vendor\\laravel\\framework\\src\\Illuminate\\Pipeline\\Pipeline.php(119): Illuminate\\Pipeline\\Pipeline->Illuminate\\Pipeline\\{closure}()
#23 C:\\TDTU\\HK4\\Web\\CK_WEB\\vendor\\laravel\\framework\\src\\Illuminate\\Routing\\Router.php(805): Illuminate\\Pipeline\\Pipeline->then()
#24 C:\\TDTU\\HK4\\Web\\CK_WEB\\vendor\\laravel\\framework\\src\\Illuminate\\Routing\\Router.php(784): Illuminate\\Routing\\Router->runRouteWithinStack()
#25 C:\\TDTU\\HK4\\Web\\CK_WEB\\vendor\\laravel\\framework\\src\\Illuminate\\Routing\\Router.php(748): Illuminate\\Routing\\Router->runRoute()
#26 C:\\TDTU\\HK4\\Web\\CK_WEB\\vendor\\laravel\\framework\\src\\Illuminate\\Routing\\Router.php(737): Illuminate\\Routing\\Router->dispatchToRoute()
#27 C:\\TDTU\\HK4\\Web\\CK_WEB\\vendor\\laravel\\framework\\src\\Illuminate\\Foundation\\Http\\Kernel.php(200): Illuminate\\Routing\\Router->dispatch()
#28 C:\\TDTU\\HK4\\Web\\CK_WEB\\vendor\\laravel\\framework\\src\\Illuminate\\Pipeline\\Pipeline.php(144): Illuminate\\Foundation\\Http\\Kernel->Illuminate\\Foundation\\Http\\{closure}()
#29 C:\\TDTU\\HK4\\Web\\CK_WEB\\vendor\\laravel\\framework\\src\\Illuminate\\Foundation\\Http\\Middleware\\TransformsRequest.php(21): Illuminate\\Pipeline\\Pipeline->Illuminate\\Pipeline\\{closure}()
#30 C:\\TDTU\\HK4\\Web\\CK_WEB\\vendor\\laravel\\framework\\src\\Illuminate\\Foundation\\Http\\Middleware\\ConvertEmptyStringsToNull.php(31): Illuminate\\Foundation\\Http\\Middleware\\TransformsRequest->handle()
#31 C:\\TDTU\\HK4\\Web\\CK_WEB\\vendor\\laravel\\framework\\src\\Illuminate\\Pipeline\\Pipeline.php(183): Illuminate\\Foundation\\Http\\Middleware\\ConvertEmptyStringsToNull->handle()
#32 C:\\TDTU\\HK4\\Web\\CK_WEB\\vendor\\laravel\\framework\\src\\Illuminate\\Foundation\\Http\\Middleware\\TransformsRequest.php(21): Illuminate\\Pipeline\\Pipeline->Illuminate\\Pipeline\\{closure}()
#33 C:\\TDTU\\HK4\\Web\\CK_WEB\\vendor\\laravel\\framework\\src\\Illuminate\\Foundation\\Http\\Middleware\\TrimStrings.php(51): Illuminate\\Foundation\\Http\\Middleware\\TransformsRequest->handle()
#34 C:\\TDTU\\HK4\\Web\\CK_WEB\\vendor\\laravel\\framework\\src\\Illuminate\\Pipeline\\Pipeline.php(183): Illuminate\\Foundation\\Http\\Middleware\\TrimStrings->handle()
#35 C:\\TDTU\\HK4\\Web\\CK_WEB\\vendor\\laravel\\framework\\src\\Illuminate\\Http\\Middleware\\ValidatePostSize.php(27): Illuminate\\Pipeline\\Pipeline->Illuminate\\Pipeline\\{closure}()
#36 C:\\TDTU\\HK4\\Web\\CK_WEB\\vendor\\laravel\\framework\\src\\Illuminate\\Pipeline\\Pipeline.php(183): Illuminate\\Http\\Middleware\\ValidatePostSize->handle()
#37 C:\\TDTU\\HK4\\Web\\CK_WEB\\vendor\\laravel\\framework\\src\\Illuminate\\Foundation\\Http\\Middleware\\PreventRequestsDuringMaintenance.php(110): Illuminate\\Pipeline\\Pipeline->Illuminate\\Pipeline\\{closure}()
#38 C:\\TDTU\\HK4\\Web\\CK_WEB\\vendor\\laravel\\framework\\src\\Illuminate\\Pipeline\\Pipeline.php(183): Illuminate\\Foundation\\Http\\Middleware\\PreventRequestsDuringMaintenance->handle()
#39 C:\\TDTU\\HK4\\Web\\CK_WEB\\vendor\\laravel\\framework\\src\\Illuminate\\Http\\Middleware\\HandleCors.php(49): Illuminate\\Pipeline\\Pipeline->Illuminate\\Pipeline\\{closure}()
#40 C:\\TDTU\\HK4\\Web\\CK_WEB\\vendor\\laravel\\framework\\src\\Illuminate\\Pipeline\\Pipeline.php(183): Illuminate\\Http\\Middleware\\HandleCors->handle()
#41 C:\\TDTU\\HK4\\Web\\CK_WEB\\vendor\\laravel\\framework\\src\\Illuminate\\Http\\Middleware\\TrustProxies.php(57): Illuminate\\Pipeline\\Pipeline->Illuminate\\Pipeline\\{closure}()
#42 C:\\TDTU\\HK4\\Web\\CK_WEB\\vendor\\laravel\\framework\\src\\Illuminate\\Pipeline\\Pipeline.php(183): Illuminate\\Http\\Middleware\\TrustProxies->handle()
#43 C:\\TDTU\\HK4\\Web\\CK_WEB\\vendor\\laravel\\framework\\src\\Illuminate\\Pipeline\\Pipeline.php(119): Illuminate\\Pipeline\\Pipeline->Illuminate\\Pipeline\\{closure}()
#44 C:\\TDTU\\HK4\\Web\\CK_WEB\\vendor\\laravel\\framework\\src\\Illuminate\\Foundation\\Http\\Kernel.php(175): Illuminate\\Pipeline\\Pipeline->then()
#45 C:\\TDTU\\HK4\\Web\\CK_WEB\\vendor\\laravel\\framework\\src\\Illuminate\\Foundation\\Http\\Kernel.php(144): Illuminate\\Foundation\\Http\\Kernel->sendRequestThroughRouter()
#46 C:\\TDTU\\HK4\\Web\\CK_WEB\\vendor\\laravel\\framework\\src\\Illuminate\\Foundation\\Application.php(1168): Illuminate\\Foundation\\Http\\Kernel->handle()
#47 C:\\TDTU\\HK4\\Web\\CK_WEB\\public\\index.php(15): Illuminate\\Foundation\\Application->handleRequest()
#48 C:\\TDTU\\HK4\\Web\\CK_WEB\\vendor\\laravel\\framework\\src\\Illuminate\\Foundation\\resources\\server.php(16): require_once('...')
#49 {main}

[previous exception] [object] (PDOException(code: 42S02): SQLSTATE[42S02]: Base table or view not found: 1146 Table 'shoe_store.sessions' doesn't exist at C:\\TDTU\\HK4\\Web\\CK_WEB\\vendor\\laravel\\framework\\src\\Illuminate\\Database\\Connection.php:407)
[stacktrace]
#0 C:\\TDTU\\HK4\\Web\\CK_WEB\\vendor\\laravel\\framework\\src\\Illuminate\\Database\\Connection.php(407): PDO->prepare()
#1 C:\\TDTU\\HK4\\Web\\CK_WEB\\vendor\\laravel\\framework\\src\\Illuminate\\Database\\Connection.php(800): Illuminate\\Database\\Connection->Illuminate\\Database\\{closure}()
#2 C:\\TDTU\\HK4\\Web\\CK_WEB\\vendor\\laravel\\framework\\src\\Illuminate\\Database\\Connection.php(767): Illuminate\\Database\\Connection->runQueryCallback()
#3 C:\\TDTU\\HK4\\Web\\CK_WEB\\vendor\\laravel\\framework\\src\\Illuminate\\Database\\Connection.php(398): Illuminate\\Database\\Connection->run()
#4 C:\\TDTU\\HK4\\Web\\CK_WEB\\vendor\\laravel\\framework\\src\\Illuminate\\Database\\Query\\Builder.php(2934): Illuminate\\Database\\Connection->select()
#5 C:\\TDTU\\HK4\\Web\\CK_WEB\\vendor\\laravel\\framework\\src\\Illuminate\\Database\\Query\\Builder.php(2919): Illuminate\\Database\\Query\\Builder->runSelect()
#6 C:\\TDTU\\HK4\\Web\\CK_WEB\\vendor\\laravel\\framework\\src\\Illuminate\\Database\\Query\\Builder.php(3507): Illuminate\\Database\\Query\\Builder->Illuminate\\Database\\Query\\{closure}()
#7 C:\\TDTU\\HK4\\Web\\CK_WEB\\vendor\\laravel\\framework\\src\\Illuminate\\Database\\Query\\Builder.php(2918): Illuminate\\Database\\Query\\Builder->onceWithColumns()
#8 C:\\TDTU\\HK4\\Web\\CK_WEB\\vendor\\laravel\\framework\\src\\Illuminate\\Database\\Concerns\\BuildsQueries.php(335): Illuminate\\Database\\Query\\Builder->get()
#9 C:\\TDTU\\HK4\\Web\\CK_WEB\\vendor\\laravel\\framework\\src\\Illuminate\\Database\\Query\\Builder.php(2841): Illuminate\\Database\\Query\\Builder->first()
#10 C:\\TDTU\\HK4\\Web\\CK_WEB\\vendor\\laravel\\framework\\src\\Illuminate\\Session\\DatabaseSessionHandler.php(97): Illuminate\\Database\\Query\\Builder->find()
#11 C:\\TDTU\\HK4\\Web\\CK_WEB\\vendor\\laravel\\framework\\src\\Illuminate\\Session\\Store.php(113): Illuminate\\Session\\DatabaseSessionHandler->read()
#12 C:\\TDTU\\HK4\\Web\\CK_WEB\\vendor\\laravel\\framework\\src\\Illuminate\\Session\\Store.php(101): Illuminate\\Session\\Store->readFromHandler()
#13 C:\\TDTU\\HK4\\Web\\CK_WEB\\vendor\\laravel\\framework\\src\\Illuminate\\Session\\Store.php(85): Illuminate\\Session\\Store->loadSession()
#14 C:\\TDTU\\HK4\\Web\\CK_WEB\\vendor\\laravel\\framework\\src\\Illuminate\\Session\\Middleware\\StartSession.php(147): Illuminate\\Session\\Store->start()
#15 C:\\TDTU\\HK4\\Web\\CK_WEB\\vendor\\laravel\\framework\\src\\Illuminate\\Support\\helpers.php(359): Illuminate\\Session\\Middleware\\StartSession->Illuminate\\Session\\Middleware\\{closure}()
#16 C:\\TDTU\\HK4\\Web\\CK_WEB\\vendor\\laravel\\framework\\src\\Illuminate\\Session\\Middleware\\StartSession.php(144): tap()
#17 C:\\TDTU\\HK4\\Web\\CK_WEB\\vendor\\laravel\\framework\\src\\Illuminate\\Session\\Middleware\\StartSession.php(116): Illuminate\\Session\\Middleware\\StartSession->startSession()
#18 C:\\TDTU\\HK4\\Web\\CK_WEB\\vendor\\laravel\\framework\\src\\Illuminate\\Session\\Middleware\\StartSession.php(64): Illuminate\\Session\\Middleware\\StartSession->handleStatefulRequest()
#19 C:\\TDTU\\HK4\\Web\\CK_WEB\\vendor\\laravel\\framework\\src\\Illuminate\\Pipeline\\Pipeline.php(183): Illuminate\\Session\\Middleware\\StartSession->handle()
#20 C:\\TDTU\\HK4\\Web\\CK_WEB\\vendor\\laravel\\framework\\src\\Illuminate\\Cookie\\Middleware\\AddQueuedCookiesToResponse.php(37): Illuminate\\Pipeline\\Pipeline->Illuminate\\Pipeline\\{closure}()
#21 C:\\TDTU\\HK4\\Web\\CK_WEB\\vendor\\laravel\\framework\\src\\Illuminate\\Pipeline\\Pipeline.php(183): Illuminate\\Cookie\\Middleware\\AddQueuedCookiesToResponse->handle()
#22 C:\\TDTU\\HK4\\Web\\CK_WEB\\vendor\\laravel\\framework\\src\\Illuminate\\Cookie\\Middleware\\EncryptCookies.php(75): Illuminate\\Pipeline\\Pipeline->Illuminate\\Pipeline\\{closure}()
#23 C:\\TDTU\\HK4\\Web\\CK_WEB\\vendor\\laravel\\framework\\src\\Illuminate\\Pipeline\\Pipeline.php(183): Illuminate\\Cookie\\Middleware\\EncryptCookies->handle()
#24 C:\\TDTU\\HK4\\Web\\CK_WEB\\vendor\\laravel\\framework\\src\\Illuminate\\Pipeline\\Pipeline.php(119): Illuminate\\Pipeline\\Pipeline->Illuminate\\Pipeline\\{closure}()
#25 C:\\TDTU\\HK4\\Web\\CK_WEB\\vendor\\laravel\\framework\\src\\Illuminate\\Routing\\Router.php(805): Illuminate\\Pipeline\\Pipeline->then()
#26 C:\\TDTU\\HK4\\Web\\CK_WEB\\vendor\\laravel\\framework\\src\\Illuminate\\Routing\\Router.php(784): Illuminate\\Routing\\Router->runRouteWithinStack()
#27 C:\\TDTU\\HK4\\Web\\CK_WEB\\vendor\\laravel\\framework\\src\\Illuminate\\Routing\\Router.php(748): Illuminate\\Routing\\Router->runRoute()
#28 C:\\TDTU\\HK4\\Web\\CK_WEB\\vendor\\laravel\\framework\\src\\Illuminate\\Routing\\Router.php(737): Illuminate\\Routing\\Router->dispatchToRoute()
#29 C:\\TDTU\\HK4\\Web\\CK_WEB\\vendor\\laravel\\framework\\src\\Illuminate\\Foundation\\Http\\Kernel.php(200): Illuminate\\Routing\\Router->dispatch()
#30 C:\\TDTU\\HK4\\Web\\CK_WEB\\vendor\\laravel\\framework\\src\\Illuminate\\Pipeline\\Pipeline.php(144): Illuminate\\Foundation\\Http\\Kernel->Illuminate\\Foundation\\Http\\{closure}()
#31 C:\\TDTU\\HK4\\Web\\CK_WEB\\vendor\\laravel\\framework\\src\\Illuminate\\Foundation\\Http\\Middleware\\TransformsRequest.php(21): Illuminate\\Pipeline\\Pipeline->Illuminate\\Pipeline\\{closure}()
#32 C:\\TDTU\\HK4\\Web\\CK_WEB\\vendor\\laravel\\framework\\src\\Illuminate\\Foundation\\Http\\Middleware\\ConvertEmptyStringsToNull.php(31): Illuminate\\Foundation\\Http\\Middleware\\TransformsRequest->handle()
#33 C:\\TDTU\\HK4\\Web\\CK_WEB\\vendor\\laravel\\framework\\src\\Illuminate\\Pipeline\\Pipeline.php(183): Illuminate\\Foundation\\Http\\Middleware\\ConvertEmptyStringsToNull->handle()
#34 C:\\TDTU\\HK4\\Web\\CK_WEB\\vendor\\laravel\\framework\\src\\Illuminate\\Foundation\\Http\\Middleware\\TransformsRequest.php(21): Illuminate\\Pipeline\\Pipeline->Illuminate\\Pipeline\\{closure}()
#35 C:\\TDTU\\HK4\\Web\\CK_WEB\\vendor\\laravel\\framework\\src\\Illuminate\\Foundation\\Http\\Middleware\\TrimStrings.php(51): Illuminate\\Foundation\\Http\\Middleware\\TransformsRequest->handle()
#36 C:\\TDTU\\HK4\\Web\\CK_WEB\\vendor\\laravel\\framework\\src\\Illuminate\\Pipeline\\Pipeline.php(183): Illuminate\\Foundation\\Http\\Middleware\\TrimStrings->handle()
#37 C:\\TDTU\\HK4\\Web\\CK_WEB\\vendor\\laravel\\framework\\src\\Illuminate\\Http\\Middleware\\ValidatePostSize.php(27): Illuminate\\Pipeline\\Pipeline->Illuminate\\Pipeline\\{closure}()
#38 C:\\TDTU\\HK4\\Web\\CK_WEB\\vendor\\laravel\\framework\\src\\Illuminate\\Pipeline\\Pipeline.php(183): Illuminate\\Http\\Middleware\\ValidatePostSize->handle()
#39 C:\\TDTU\\HK4\\Web\\CK_WEB\\vendor\\laravel\\framework\\src\\Illuminate\\Foundation\\Http\\Middleware\\PreventRequestsDuringMaintenance.php(110): Illuminate\\Pipeline\\Pipeline->Illuminate\\Pipeline\\{closure}()
#40 C:\\TDTU\\HK4\\Web\\CK_WEB\\vendor\\laravel\\framework\\src\\Illuminate\\Pipeline\\Pipeline.php(183): Illuminate\\Foundation\\Http\\Middleware\\PreventRequestsDuringMaintenance->handle()
#41 C:\\TDTU\\HK4\\Web\\CK_WEB\\vendor\\laravel\\framework\\src\\Illuminate\\Http\\Middleware\\HandleCors.php(49): Illuminate\\Pipeline\\Pipeline->Illuminate\\Pipeline\\{closure}()
#42 C:\\TDTU\\HK4\\Web\\CK_WEB\\vendor\\laravel\\framework\\src\\Illuminate\\Pipeline\\Pipeline.php(183): Illuminate\\Http\\Middleware\\HandleCors->handle()
#43 C:\\TDTU\\HK4\\Web\\CK_WEB\\vendor\\laravel\\framework\\src\\Illuminate\\Http\\Middleware\\TrustProxies.php(57): Illuminate\\Pipeline\\Pipeline->Illuminate\\Pipeline\\{closure}()
#44 C:\\TDTU\\HK4\\Web\\CK_WEB\\vendor\\laravel\\framework\\src\\Illuminate\\Pipeline\\Pipeline.php(183): Illuminate\\Http\\Middleware\\TrustProxies->handle()
#45 C:\\TDTU\\HK4\\Web\\CK_WEB\\vendor\\laravel\\framework\\src\\Illuminate\\Pipeline\\Pipeline.php(119): Illuminate\\Pipeline\\Pipeline->Illuminate\\Pipeline\\{closure}()
#46 C:\\TDTU\\HK4\\Web\\CK_WEB\\vendor\\laravel\\framework\\src\\Illuminate\\Foundation\\Http\\Kernel.php(175): Illuminate\\Pipeline\\Pipeline->then()
#47 C:\\TDTU\\HK4\\Web\\CK_WEB\\vendor\\laravel\\framework\\src\\Illuminate\\Foundation\\Http\\Kernel.php(144): Illuminate\\Foundation\\Http\\Kernel->sendRequestThroughRouter()
#48 C:\\TDTU\\HK4\\Web\\CK_WEB\\vendor\\laravel\\framework\\src\\Illuminate\\Foundation\\Application.php(1168): Illuminate\\Foundation\\Http\\Kernel->handle()
#49 C:\\TDTU\\HK4\\Web\\CK_WEB\\public\\index.php(15): Illuminate\\Foundation\\Application->handleRequest()
#50 C:\\TDTU\\HK4\\Web\\CK_WEB\\vendor\\laravel\\framework\\src\\Illuminate\\Foundation\\resources\\server.php(16): require_once('...')
#51 {main}
"} 
[2024-04-29 10:34:53] production.ERROR: Please provide a valid cache path. {"exception":"[object] (InvalidArgumentException(code: 0): Please provide a valid cache path. at C:\\TDTU\\HK4\\Web\\CK_WEB\\vendor\\laravel\\framework\\src\\Illuminate\\View\\Compilers\\Compiler.php:67)
[stacktrace]
#0 C:\\TDTU\\HK4\\Web\\CK_WEB\\vendor\\laravel\\framework\\src\\Illuminate\\View\\ViewServiceProvider.php(96): Illuminate\\View\\Compilers\\Compiler->__construct()
#1 C:\\TDTU\\HK4\\Web\\CK_WEB\\vendor\\laravel\\framework\\src\\Illuminate\\Container\\Container.php(900): Illuminate\\View\\ViewServiceProvider->Illuminate\\View\\{closure}()
#2 C:\\TDTU\\HK4\\Web\\CK_WEB\\vendor\\laravel\\framework\\src\\Illuminate\\Container\\Container.php(787): Illuminate\\Container\\Container->build()
#3 C:\\TDTU\\HK4\\Web\\CK_WEB\\vendor\\laravel\\framework\\src\\Illuminate\\Foundation\\Application.php(1026): Illuminate\\Container\\Container->resolve()
#4 C:\\TDTU\\HK4\\Web\\CK_WEB\\vendor\\laravel\\framework\\src\\Illuminate\\Container\\Container.php(723): Illuminate\\Foundation\\Application->resolve()
#5 C:\\TDTU\\HK4\\Web\\CK_WEB\\vendor\\laravel\\framework\\src\\Illuminate\\Foundation\\Application.php(1011): Illuminate\\Container\\Container->make()
#6 C:\\TDTU\\HK4\\Web\\CK_WEB\\vendor\\laravel\\framework\\src\\Illuminate\\Container\\Container.php(1446): Illuminate\\Foundation\\Application->make()
#7 C:\\TDTU\\HK4\\Web\\CK_WEB\\vendor\\laravel\\framework\\src\\Illuminate\\View\\ViewServiceProvider.php(164): Illuminate\\Container\\Container->offsetGet()
#8 [internal function]: Illuminate\\View\\ViewServiceProvider->Illuminate\\View\\{closure}()
#9 C:\\TDTU\\HK4\\Web\\CK_WEB\\vendor\\laravel\\framework\\src\\Illuminate\\View\\Engines\\EngineResolver.php(55): call_user_func()
#10 C:\\TDTU\\HK4\\Web\\CK_WEB\\vendor\\laravel\\framework\\src\\Illuminate\\View\\Factory.php(326): Illuminate\\View\\Engines\\EngineResolver->resolve()
#11 C:\\TDTU\\HK4\\Web\\CK_WEB\\vendor\\laravel\\framework\\src\\Illuminate\\View\\Factory.php(288): Illuminate\\View\\Factory->getEngineFromPath()
#12 C:\\TDTU\\HK4\\Web\\CK_WEB\\vendor\\laravel\\framework\\src\\Illuminate\\View\\Factory.php(160): Illuminate\\View\\Factory->viewInstance()
#13 C:\\TDTU\\HK4\\Web\\CK_WEB\\vendor\\laravel\\framework\\src\\Illuminate\\Routing\\ResponseFactory.php(88): Illuminate\\View\\Factory->make()
#14 C:\\TDTU\\HK4\\Web\\CK_WEB\\vendor\\laravel\\framework\\src\\Illuminate\\Foundation\\Exceptions\\Handler.php(879): Illuminate\\Routing\\ResponseFactory->view()
#15 C:\\TDTU\\HK4\\Web\\CK_WEB\\vendor\\laravel\\framework\\src\\Illuminate\\Foundation\\Exceptions\\Handler.php(806): Illuminate\\Foundation\\Exceptions\\Handler->renderHttpException()
#16 C:\\TDTU\\HK4\\Web\\CK_WEB\\vendor\\laravel\\framework\\src\\Illuminate\\Foundation\\Exceptions\\Handler.php(697): Illuminate\\Foundation\\Exceptions\\Handler->prepareResponse()
#17 C:\\TDTU\\HK4\\Web\\CK_WEB\\vendor\\laravel\\framework\\src\\Illuminate\\Foundation\\Exceptions\\Handler.php(586): Illuminate\\Foundation\\Exceptions\\Handler->renderExceptionResponse()
#18 C:\\TDTU\\HK4\\Web\\CK_WEB\\vendor\\laravel\\framework\\src\\Illuminate\\Routing\\Pipeline.php(51): Illuminate\\Foundation\\Exceptions\\Handler->render()
#19 C:\\TDTU\\HK4\\Web\\CK_WEB\\vendor\\laravel\\framework\\src\\Illuminate\\Pipeline\\Pipeline.php(188): Illuminate\\Routing\\Pipeline->handleException()
#20 C:\\TDTU\\HK4\\Web\\CK_WEB\\vendor\\laravel\\framework\\src\\Illuminate\\Cookie\\Middleware\\AddQueuedCookiesToResponse.php(37): Illuminate\\Pipeline\\Pipeline->Illuminate\\Pipeline\\{closure}()
#21 C:\\TDTU\\HK4\\Web\\CK_WEB\\vendor\\laravel\\framework\\src\\Illuminate\\Pipeline\\Pipeline.php(183): Illuminate\\Cookie\\Middleware\\AddQueuedCookiesToResponse->handle()
#22 C:\\TDTU\\HK4\\Web\\CK_WEB\\vendor\\laravel\\framework\\src\\Illuminate\\Cookie\\Middleware\\EncryptCookies.php(75): Illuminate\\Pipeline\\Pipeline->Illuminate\\Pipeline\\{closure}()
#23 C:\\TDTU\\HK4\\Web\\CK_WEB\\vendor\\laravel\\framework\\src\\Illuminate\\Pipeline\\Pipeline.php(183): Illuminate\\Cookie\\Middleware\\EncryptCookies->handle()
#24 C:\\TDTU\\HK4\\Web\\CK_WEB\\vendor\\laravel\\framework\\src\\Illuminate\\Pipeline\\Pipeline.php(119): Illuminate\\Pipeline\\Pipeline->Illuminate\\Pipeline\\{closure}()
#25 C:\\TDTU\\HK4\\Web\\CK_WEB\\vendor\\laravel\\framework\\src\\Illuminate\\Routing\\Router.php(805): Illuminate\\Pipeline\\Pipeline->then()
#26 C:\\TDTU\\HK4\\Web\\CK_WEB\\vendor\\laravel\\framework\\src\\Illuminate\\Routing\\Router.php(784): Illuminate\\Routing\\Router->runRouteWithinStack()
#27 C:\\TDTU\\HK4\\Web\\CK_WEB\\vendor\\laravel\\framework\\src\\Illuminate\\Routing\\Router.php(748): Illuminate\\Routing\\Router->runRoute()
#28 C:\\TDTU\\HK4\\Web\\CK_WEB\\vendor\\laravel\\framework\\src\\Illuminate\\Routing\\Router.php(737): Illuminate\\Routing\\Router->dispatchToRoute()
#29 C:\\TDTU\\HK4\\Web\\CK_WEB\\vendor\\laravel\\framework\\src\\Illuminate\\Foundation\\Http\\Kernel.php(200): Illuminate\\Routing\\Router->dispatch()
#30 C:\\TDTU\\HK4\\Web\\CK_WEB\\vendor\\laravel\\framework\\src\\Illuminate\\Pipeline\\Pipeline.php(144): Illuminate\\Foundation\\Http\\Kernel->Illuminate\\Foundation\\Http\\{closure}()
#31 C:\\TDTU\\HK4\\Web\\CK_WEB\\vendor\\laravel\\framework\\src\\Illuminate\\Foundation\\Http\\Middleware\\TransformsRequest.php(21): Illuminate\\Pipeline\\Pipeline->Illuminate\\Pipeline\\{closure}()
#32 C:\\TDTU\\HK4\\Web\\CK_WEB\\vendor\\laravel\\framework\\src\\Illuminate\\Foundation\\Http\\Middleware\\ConvertEmptyStringsToNull.php(31): Illuminate\\Foundation\\Http\\Middleware\\TransformsRequest->handle()
#33 C:\\TDTU\\HK4\\Web\\CK_WEB\\vendor\\laravel\\framework\\src\\Illuminate\\Pipeline\\Pipeline.php(183): Illuminate\\Foundation\\Http\\Middleware\\ConvertEmptyStringsToNull->handle()
#34 C:\\TDTU\\HK4\\Web\\CK_WEB\\vendor\\laravel\\framework\\src\\Illuminate\\Foundation\\Http\\Middleware\\TransformsRequest.php(21): Illuminate\\Pipeline\\Pipeline->Illuminate\\Pipeline\\{closure}()
#35 C:\\TDTU\\HK4\\Web\\CK_WEB\\vendor\\laravel\\framework\\src\\Illuminate\\Foundation\\Http\\Middleware\\TrimStrings.php(51): Illuminate\\Foundation\\Http\\Middleware\\TransformsRequest->handle()
#36 C:\\TDTU\\HK4\\Web\\CK_WEB\\vendor\\laravel\\framework\\src\\Illuminate\\Pipeline\\Pipeline.php(183): Illuminate\\Foundation\\Http\\Middleware\\TrimStrings->handle()
#37 C:\\TDTU\\HK4\\Web\\CK_WEB\\vendor\\laravel\\framework\\src\\Illuminate\\Http\\Middleware\\ValidatePostSize.php(27): Illuminate\\Pipeline\\Pipeline->Illuminate\\Pipeline\\{closure}()
#38 C:\\TDTU\\HK4\\Web\\CK_WEB\\vendor\\laravel\\framework\\src\\Illuminate\\Pipeline\\Pipeline.php(183): Illuminate\\Http\\Middleware\\ValidatePostSize->handle()
#39 C:\\TDTU\\HK4\\Web\\CK_WEB\\vendor\\laravel\\framework\\src\\Illuminate\\Foundation\\Http\\Middleware\\PreventRequestsDuringMaintenance.php(110): Illuminate\\Pipeline\\Pipeline->Illuminate\\Pipeline\\{closure}()
#40 C:\\TDTU\\HK4\\Web\\CK_WEB\\vendor\\laravel\\framework\\src\\Illuminate\\Pipeline\\Pipeline.php(183): Illuminate\\Foundation\\Http\\Middleware\\PreventRequestsDuringMaintenance->handle()
#41 C:\\TDTU\\HK4\\Web\\CK_WEB\\vendor\\laravel\\framework\\src\\Illuminate\\Http\\Middleware\\HandleCors.php(49): Illuminate\\Pipeline\\Pipeline->Illuminate\\Pipeline\\{closure}()
#42 C:\\TDTU\\HK4\\Web\\CK_WEB\\vendor\\laravel\\framework\\src\\Illuminate\\Pipeline\\Pipeline.php(183): Illuminate\\Http\\Middleware\\HandleCors->handle()
#43 C:\\TDTU\\HK4\\Web\\CK_WEB\\vendor\\laravel\\framework\\src\\Illuminate\\Http\\Middleware\\TrustProxies.php(57): Illuminate\\Pipeline\\Pipeline->Illuminate\\Pipeline\\{closure}()
#44 C:\\TDTU\\HK4\\Web\\CK_WEB\\vendor\\laravel\\framework\\src\\Illuminate\\Pipeline\\Pipeline.php(183): Illuminate\\Http\\Middleware\\TrustProxies->handle()
#45 C:\\TDTU\\HK4\\Web\\CK_WEB\\vendor\\laravel\\framework\\src\\Illuminate\\Pipeline\\Pipeline.php(119): Illuminate\\Pipeline\\Pipeline->Illuminate\\Pipeline\\{closure}()
#46 C:\\TDTU\\HK4\\Web\\CK_WEB\\vendor\\laravel\\framework\\src\\Illuminate\\Foundation\\Http\\Kernel.php(175): Illuminate\\Pipeline\\Pipeline->then()
#47 C:\\TDTU\\HK4\\Web\\CK_WEB\\vendor\\laravel\\framework\\src\\Illuminate\\Foundation\\Http\\Kernel.php(144): Illuminate\\Foundation\\Http\\Kernel->sendRequestThroughRouter()
#48 C:\\TDTU\\HK4\\Web\\CK_WEB\\vendor\\laravel\\framework\\src\\Illuminate\\Foundation\\Application.php(1168): Illuminate\\Foundation\\Http\\Kernel->handle()
#49 C:\\TDTU\\HK4\\Web\\CK_WEB\\public\\index.php(15): Illuminate\\Foundation\\Application->handleRequest()
#50 C:\\TDTU\\HK4\\Web\\CK_WEB\\vendor\\laravel\\framework\\src\\Illuminate\\Foundation\\resources\\server.php(16): require_once('...')
#51 {main}
"} 
[2024-04-29 10:40:02] local.ERROR: SQLSTATE[42S02]: Base table or view not found: 1146 Table 'shoe_store.sessions' doesn't exist (Connection: mysql, SQL: select * from `sessions` where `id` = G3lNiiqKI0MCHCdbSBvopTv7184eP3Q6hzSF6RYj limit 1) {"exception":"[object] (Illuminate\\Database\\QueryException(code: 42S02): SQLSTATE[42S02]: Base table or view not found: 1146 Table 'shoe_store.sessions' doesn't exist (Connection: mysql, SQL: select * from `sessions` where `id` = G3lNiiqKI0MCHCdbSBvopTv7184eP3Q6hzSF6RYj limit 1) at C:\\TDTU\\HK4\\Web\\CK_WEB\\vendor\\laravel\\framework\\src\\Illuminate\\Database\\Connection.php:813)
[stacktrace]
#0 C:\\TDTU\\HK4\\Web\\CK_WEB\\vendor\\laravel\\framework\\src\\Illuminate\\Database\\Connection.php(767): Illuminate\\Database\\Connection->runQueryCallback()
#1 C:\\TDTU\\HK4\\Web\\CK_WEB\\vendor\\laravel\\framework\\src\\Illuminate\\Database\\Connection.php(398): Illuminate\\Database\\Connection->run()
#2 C:\\TDTU\\HK4\\Web\\CK_WEB\\vendor\\laravel\\framework\\src\\Illuminate\\Database\\Query\\Builder.php(2934): Illuminate\\Database\\Connection->select()
#3 C:\\TDTU\\HK4\\Web\\CK_WEB\\vendor\\laravel\\framework\\src\\Illuminate\\Database\\Query\\Builder.php(2919): Illuminate\\Database\\Query\\Builder->runSelect()
#4 C:\\TDTU\\HK4\\Web\\CK_WEB\\vendor\\laravel\\framework\\src\\Illuminate\\Database\\Query\\Builder.php(3507): Illuminate\\Database\\Query\\Builder->Illuminate\\Database\\Query\\{closure}()
#5 C:\\TDTU\\HK4\\Web\\CK_WEB\\vendor\\laravel\\framework\\src\\Illuminate\\Database\\Query\\Builder.php(2918): Illuminate\\Database\\Query\\Builder->onceWithColumns()
#6 C:\\TDTU\\HK4\\Web\\CK_WEB\\vendor\\laravel\\framework\\src\\Illuminate\\Database\\Concerns\\BuildsQueries.php(335): Illuminate\\Database\\Query\\Builder->get()
#7 C:\\TDTU\\HK4\\Web\\CK_WEB\\vendor\\laravel\\framework\\src\\Illuminate\\Database\\Query\\Builder.php(2841): Illuminate\\Database\\Query\\Builder->first()
#8 C:\\TDTU\\HK4\\Web\\CK_WEB\\vendor\\laravel\\framework\\src\\Illuminate\\Session\\DatabaseSessionHandler.php(97): Illuminate\\Database\\Query\\Builder->find()
#9 C:\\TDTU\\HK4\\Web\\CK_WEB\\vendor\\laravel\\framework\\src\\Illuminate\\Session\\Store.php(113): Illuminate\\Session\\DatabaseSessionHandler->read()
#10 C:\\TDTU\\HK4\\Web\\CK_WEB\\vendor\\laravel\\framework\\src\\Illuminate\\Session\\Store.php(101): Illuminate\\Session\\Store->readFromHandler()
#11 C:\\TDTU\\HK4\\Web\\CK_WEB\\vendor\\laravel\\framework\\src\\Illuminate\\Session\\Store.php(85): Illuminate\\Session\\Store->loadSession()
#12 C:\\TDTU\\HK4\\Web\\CK_WEB\\vendor\\laravel\\framework\\src\\Illuminate\\Session\\Middleware\\StartSession.php(147): Illuminate\\Session\\Store->start()
#13 C:\\TDTU\\HK4\\Web\\CK_WEB\\vendor\\laravel\\framework\\src\\Illuminate\\Support\\helpers.php(359): Illuminate\\Session\\Middleware\\StartSession->Illuminate\\Session\\Middleware\\{closure}()
#14 C:\\TDTU\\HK4\\Web\\CK_WEB\\vendor\\laravel\\framework\\src\\Illuminate\\Session\\Middleware\\StartSession.php(144): tap()
#15 C:\\TDTU\\HK4\\Web\\CK_WEB\\vendor\\laravel\\framework\\src\\Illuminate\\Session\\Middleware\\StartSession.php(116): Illuminate\\Session\\Middleware\\StartSession->startSession()
#16 C:\\TDTU\\HK4\\Web\\CK_WEB\\vendor\\laravel\\framework\\src\\Illuminate\\Session\\Middleware\\StartSession.php(64): Illuminate\\Session\\Middleware\\StartSession->handleStatefulRequest()
#17 C:\\TDTU\\HK4\\Web\\CK_WEB\\vendor\\laravel\\framework\\src\\Illuminate\\Pipeline\\Pipeline.php(183): Illuminate\\Session\\Middleware\\StartSession->handle()
#18 C:\\TDTU\\HK4\\Web\\CK_WEB\\vendor\\laravel\\framework\\src\\Illuminate\\Cookie\\Middleware\\AddQueuedCookiesToResponse.php(37): Illuminate\\Pipeline\\Pipeline->Illuminate\\Pipeline\\{closure}()
#19 C:\\TDTU\\HK4\\Web\\CK_WEB\\vendor\\laravel\\framework\\src\\Illuminate\\Pipeline\\Pipeline.php(183): Illuminate\\Cookie\\Middleware\\AddQueuedCookiesToResponse->handle()
#20 C:\\TDTU\\HK4\\Web\\CK_WEB\\vendor\\laravel\\framework\\src\\Illuminate\\Cookie\\Middleware\\EncryptCookies.php(75): Illuminate\\Pipeline\\Pipeline->Illuminate\\Pipeline\\{closure}()
#21 C:\\TDTU\\HK4\\Web\\CK_WEB\\vendor\\laravel\\framework\\src\\Illuminate\\Pipeline\\Pipeline.php(183): Illuminate\\Cookie\\Middleware\\EncryptCookies->handle()
#22 C:\\TDTU\\HK4\\Web\\CK_WEB\\vendor\\laravel\\framework\\src\\Illuminate\\Pipeline\\Pipeline.php(119): Illuminate\\Pipeline\\Pipeline->Illuminate\\Pipeline\\{closure}()
#23 C:\\TDTU\\HK4\\Web\\CK_WEB\\vendor\\laravel\\framework\\src\\Illuminate\\Routing\\Router.php(805): Illuminate\\Pipeline\\Pipeline->then()
#24 C:\\TDTU\\HK4\\Web\\CK_WEB\\vendor\\laravel\\framework\\src\\Illuminate\\Routing\\Router.php(784): Illuminate\\Routing\\Router->runRouteWithinStack()
#25 C:\\TDTU\\HK4\\Web\\CK_WEB\\vendor\\laravel\\framework\\src\\Illuminate\\Routing\\Router.php(748): Illuminate\\Routing\\Router->runRoute()
#26 C:\\TDTU\\HK4\\Web\\CK_WEB\\vendor\\laravel\\framework\\src\\Illuminate\\Routing\\Router.php(737): Illuminate\\Routing\\Router->dispatchToRoute()
#27 C:\\TDTU\\HK4\\Web\\CK_WEB\\vendor\\laravel\\framework\\src\\Illuminate\\Foundation\\Http\\Kernel.php(200): Illuminate\\Routing\\Router->dispatch()
#28 C:\\TDTU\\HK4\\Web\\CK_WEB\\vendor\\laravel\\framework\\src\\Illuminate\\Pipeline\\Pipeline.php(144): Illuminate\\Foundation\\Http\\Kernel->Illuminate\\Foundation\\Http\\{closure}()
#29 C:\\TDTU\\HK4\\Web\\CK_WEB\\vendor\\laravel\\framework\\src\\Illuminate\\Foundation\\Http\\Middleware\\TransformsRequest.php(21): Illuminate\\Pipeline\\Pipeline->Illuminate\\Pipeline\\{closure}()
#30 C:\\TDTU\\HK4\\Web\\CK_WEB\\vendor\\laravel\\framework\\src\\Illuminate\\Foundation\\Http\\Middleware\\ConvertEmptyStringsToNull.php(31): Illuminate\\Foundation\\Http\\Middleware\\TransformsRequest->handle()
#31 C:\\TDTU\\HK4\\Web\\CK_WEB\\vendor\\laravel\\framework\\src\\Illuminate\\Pipeline\\Pipeline.php(183): Illuminate\\Foundation\\Http\\Middleware\\ConvertEmptyStringsToNull->handle()
#32 C:\\TDTU\\HK4\\Web\\CK_WEB\\vendor\\laravel\\framework\\src\\Illuminate\\Foundation\\Http\\Middleware\\TransformsRequest.php(21): Illuminate\\Pipeline\\Pipeline->Illuminate\\Pipeline\\{closure}()
#33 C:\\TDTU\\HK4\\Web\\CK_WEB\\vendor\\laravel\\framework\\src\\Illuminate\\Foundation\\Http\\Middleware\\TrimStrings.php(51): Illuminate\\Foundation\\Http\\Middleware\\TransformsRequest->handle()
#34 C:\\TDTU\\HK4\\Web\\CK_WEB\\vendor\\laravel\\framework\\src\\Illuminate\\Pipeline\\Pipeline.php(183): Illuminate\\Foundation\\Http\\Middleware\\TrimStrings->handle()
#35 C:\\TDTU\\HK4\\Web\\CK_WEB\\vendor\\laravel\\framework\\src\\Illuminate\\Http\\Middleware\\ValidatePostSize.php(27): Illuminate\\Pipeline\\Pipeline->Illuminate\\Pipeline\\{closure}()
#36 C:\\TDTU\\HK4\\Web\\CK_WEB\\vendor\\laravel\\framework\\src\\Illuminate\\Pipeline\\Pipeline.php(183): Illuminate\\Http\\Middleware\\ValidatePostSize->handle()
#37 C:\\TDTU\\HK4\\Web\\CK_WEB\\vendor\\laravel\\framework\\src\\Illuminate\\Foundation\\Http\\Middleware\\PreventRequestsDuringMaintenance.php(110): Illuminate\\Pipeline\\Pipeline->Illuminate\\Pipeline\\{closure}()
#38 C:\\TDTU\\HK4\\Web\\CK_WEB\\vendor\\laravel\\framework\\src\\Illuminate\\Pipeline\\Pipeline.php(183): Illuminate\\Foundation\\Http\\Middleware\\PreventRequestsDuringMaintenance->handle()
#39 C:\\TDTU\\HK4\\Web\\CK_WEB\\vendor\\laravel\\framework\\src\\Illuminate\\Http\\Middleware\\HandleCors.php(49): Illuminate\\Pipeline\\Pipeline->Illuminate\\Pipeline\\{closure}()
#40 C:\\TDTU\\HK4\\Web\\CK_WEB\\vendor\\laravel\\framework\\src\\Illuminate\\Pipeline\\Pipeline.php(183): Illuminate\\Http\\Middleware\\HandleCors->handle()
#41 C:\\TDTU\\HK4\\Web\\CK_WEB\\vendor\\laravel\\framework\\src\\Illuminate\\Http\\Middleware\\TrustProxies.php(57): Illuminate\\Pipeline\\Pipeline->Illuminate\\Pipeline\\{closure}()
#42 C:\\TDTU\\HK4\\Web\\CK_WEB\\vendor\\laravel\\framework\\src\\Illuminate\\Pipeline\\Pipeline.php(183): Illuminate\\Http\\Middleware\\TrustProxies->handle()
#43 C:\\TDTU\\HK4\\Web\\CK_WEB\\vendor\\laravel\\framework\\src\\Illuminate\\Pipeline\\Pipeline.php(119): Illuminate\\Pipeline\\Pipeline->Illuminate\\Pipeline\\{closure}()
#44 C:\\TDTU\\HK4\\Web\\CK_WEB\\vendor\\laravel\\framework\\src\\Illuminate\\Foundation\\Http\\Kernel.php(175): Illuminate\\Pipeline\\Pipeline->then()
#45 C:\\TDTU\\HK4\\Web\\CK_WEB\\vendor\\laravel\\framework\\src\\Illuminate\\Foundation\\Http\\Kernel.php(144): Illuminate\\Foundation\\Http\\Kernel->sendRequestThroughRouter()
#46 C:\\TDTU\\HK4\\Web\\CK_WEB\\vendor\\laravel\\framework\\src\\Illuminate\\Foundation\\Application.php(1168): Illuminate\\Foundation\\Http\\Kernel->handle()
#47 C:\\TDTU\\HK4\\Web\\CK_WEB\\public\\index.php(15): Illuminate\\Foundation\\Application->handleRequest()
#48 C:\\TDTU\\HK4\\Web\\CK_WEB\\vendor\\laravel\\framework\\src\\Illuminate\\Foundation\\resources\\server.php(16): require_once('...')
#49 {main}

[previous exception] [object] (PDOException(code: 42S02): SQLSTATE[42S02]: Base table or view not found: 1146 Table 'shoe_store.sessions' doesn't exist at C:\\TDTU\\HK4\\Web\\CK_WEB\\vendor\\laravel\\framework\\src\\Illuminate\\Database\\Connection.php:407)
[stacktrace]
#0 C:\\TDTU\\HK4\\Web\\CK_WEB\\vendor\\laravel\\framework\\src\\Illuminate\\Database\\Connection.php(407): PDO->prepare()
#1 C:\\TDTU\\HK4\\Web\\CK_WEB\\vendor\\laravel\\framework\\src\\Illuminate\\Database\\Connection.php(800): Illuminate\\Database\\Connection->Illuminate\\Database\\{closure}()
#2 C:\\TDTU\\HK4\\Web\\CK_WEB\\vendor\\laravel\\framework\\src\\Illuminate\\Database\\Connection.php(767): Illuminate\\Database\\Connection->runQueryCallback()
#3 C:\\TDTU\\HK4\\Web\\CK_WEB\\vendor\\laravel\\framework\\src\\Illuminate\\Database\\Connection.php(398): Illuminate\\Database\\Connection->run()
#4 C:\\TDTU\\HK4\\Web\\CK_WEB\\vendor\\laravel\\framework\\src\\Illuminate\\Database\\Query\\Builder.php(2934): Illuminate\\Database\\Connection->select()
#5 C:\\TDTU\\HK4\\Web\\CK_WEB\\vendor\\laravel\\framework\\src\\Illuminate\\Database\\Query\\Builder.php(2919): Illuminate\\Database\\Query\\Builder->runSelect()
#6 C:\\TDTU\\HK4\\Web\\CK_WEB\\vendor\\laravel\\framework\\src\\Illuminate\\Database\\Query\\Builder.php(3507): Illuminate\\Database\\Query\\Builder->Illuminate\\Database\\Query\\{closure}()
#7 C:\\TDTU\\HK4\\Web\\CK_WEB\\vendor\\laravel\\framework\\src\\Illuminate\\Database\\Query\\Builder.php(2918): Illuminate\\Database\\Query\\Builder->onceWithColumns()
#8 C:\\TDTU\\HK4\\Web\\CK_WEB\\vendor\\laravel\\framework\\src\\Illuminate\\Database\\Concerns\\BuildsQueries.php(335): Illuminate\\Database\\Query\\Builder->get()
#9 C:\\TDTU\\HK4\\Web\\CK_WEB\\vendor\\laravel\\framework\\src\\Illuminate\\Database\\Query\\Builder.php(2841): Illuminate\\Database\\Query\\Builder->first()
#10 C:\\TDTU\\HK4\\Web\\CK_WEB\\vendor\\laravel\\framework\\src\\Illuminate\\Session\\DatabaseSessionHandler.php(97): Illuminate\\Database\\Query\\Builder->find()
#11 C:\\TDTU\\HK4\\Web\\CK_WEB\\vendor\\laravel\\framework\\src\\Illuminate\\Session\\Store.php(113): Illuminate\\Session\\DatabaseSessionHandler->read()
#12 C:\\TDTU\\HK4\\Web\\CK_WEB\\vendor\\laravel\\framework\\src\\Illuminate\\Session\\Store.php(101): Illuminate\\Session\\Store->readFromHandler()
#13 C:\\TDTU\\HK4\\Web\\CK_WEB\\vendor\\laravel\\framework\\src\\Illuminate\\Session\\Store.php(85): Illuminate\\Session\\Store->loadSession()
#14 C:\\TDTU\\HK4\\Web\\CK_WEB\\vendor\\laravel\\framework\\src\\Illuminate\\Session\\Middleware\\StartSession.php(147): Illuminate\\Session\\Store->start()
#15 C:\\TDTU\\HK4\\Web\\CK_WEB\\vendor\\laravel\\framework\\src\\Illuminate\\Support\\helpers.php(359): Illuminate\\Session\\Middleware\\StartSession->Illuminate\\Session\\Middleware\\{closure}()
#16 C:\\TDTU\\HK4\\Web\\CK_WEB\\vendor\\laravel\\framework\\src\\Illuminate\\Session\\Middleware\\StartSession.php(144): tap()
#17 C:\\TDTU\\HK4\\Web\\CK_WEB\\vendor\\laravel\\framework\\src\\Illuminate\\Session\\Middleware\\StartSession.php(116): Illuminate\\Session\\Middleware\\StartSession->startSession()
#18 C:\\TDTU\\HK4\\Web\\CK_WEB\\vendor\\laravel\\framework\\src\\Illuminate\\Session\\Middleware\\StartSession.php(64): Illuminate\\Session\\Middleware\\StartSession->handleStatefulRequest()
#19 C:\\TDTU\\HK4\\Web\\CK_WEB\\vendor\\laravel\\framework\\src\\Illuminate\\Pipeline\\Pipeline.php(183): Illuminate\\Session\\Middleware\\StartSession->handle()
#20 C:\\TDTU\\HK4\\Web\\CK_WEB\\vendor\\laravel\\framework\\src\\Illuminate\\Cookie\\Middleware\\AddQueuedCookiesToResponse.php(37): Illuminate\\Pipeline\\Pipeline->Illuminate\\Pipeline\\{closure}()
#21 C:\\TDTU\\HK4\\Web\\CK_WEB\\vendor\\laravel\\framework\\src\\Illuminate\\Pipeline\\Pipeline.php(183): Illuminate\\Cookie\\Middleware\\AddQueuedCookiesToResponse->handle()
#22 C:\\TDTU\\HK4\\Web\\CK_WEB\\vendor\\laravel\\framework\\src\\Illuminate\\Cookie\\Middleware\\EncryptCookies.php(75): Illuminate\\Pipeline\\Pipeline->Illuminate\\Pipeline\\{closure}()
#23 C:\\TDTU\\HK4\\Web\\CK_WEB\\vendor\\laravel\\framework\\src\\Illuminate\\Pipeline\\Pipeline.php(183): Illuminate\\Cookie\\Middleware\\EncryptCookies->handle()
#24 C:\\TDTU\\HK4\\Web\\CK_WEB\\vendor\\laravel\\framework\\src\\Illuminate\\Pipeline\\Pipeline.php(119): Illuminate\\Pipeline\\Pipeline->Illuminate\\Pipeline\\{closure}()
#25 C:\\TDTU\\HK4\\Web\\CK_WEB\\vendor\\laravel\\framework\\src\\Illuminate\\Routing\\Router.php(805): Illuminate\\Pipeline\\Pipeline->then()
#26 C:\\TDTU\\HK4\\Web\\CK_WEB\\vendor\\laravel\\framework\\src\\Illuminate\\Routing\\Router.php(784): Illuminate\\Routing\\Router->runRouteWithinStack()
#27 C:\\TDTU\\HK4\\Web\\CK_WEB\\vendor\\laravel\\framework\\src\\Illuminate\\Routing\\Router.php(748): Illuminate\\Routing\\Router->runRoute()
#28 C:\\TDTU\\HK4\\Web\\CK_WEB\\vendor\\laravel\\framework\\src\\Illuminate\\Routing\\Router.php(737): Illuminate\\Routing\\Router->dispatchToRoute()
#29 C:\\TDTU\\HK4\\Web\\CK_WEB\\vendor\\laravel\\framework\\src\\Illuminate\\Foundation\\Http\\Kernel.php(200): Illuminate\\Routing\\Router->dispatch()
#30 C:\\TDTU\\HK4\\Web\\CK_WEB\\vendor\\laravel\\framework\\src\\Illuminate\\Pipeline\\Pipeline.php(144): Illuminate\\Foundation\\Http\\Kernel->Illuminate\\Foundation\\Http\\{closure}()
#31 C:\\TDTU\\HK4\\Web\\CK_WEB\\vendor\\laravel\\framework\\src\\Illuminate\\Foundation\\Http\\Middleware\\TransformsRequest.php(21): Illuminate\\Pipeline\\Pipeline->Illuminate\\Pipeline\\{closure}()
#32 C:\\TDTU\\HK4\\Web\\CK_WEB\\vendor\\laravel\\framework\\src\\Illuminate\\Foundation\\Http\\Middleware\\ConvertEmptyStringsToNull.php(31): Illuminate\\Foundation\\Http\\Middleware\\TransformsRequest->handle()
#33 C:\\TDTU\\HK4\\Web\\CK_WEB\\vendor\\laravel\\framework\\src\\Illuminate\\Pipeline\\Pipeline.php(183): Illuminate\\Foundation\\Http\\Middleware\\ConvertEmptyStringsToNull->handle()
#34 C:\\TDTU\\HK4\\Web\\CK_WEB\\vendor\\laravel\\framework\\src\\Illuminate\\Foundation\\Http\\Middleware\\TransformsRequest.php(21): Illuminate\\Pipeline\\Pipeline->Illuminate\\Pipeline\\{closure}()
#35 C:\\TDTU\\HK4\\Web\\CK_WEB\\vendor\\laravel\\framework\\src\\Illuminate\\Foundation\\Http\\Middleware\\TrimStrings.php(51): Illuminate\\Foundation\\Http\\Middleware\\TransformsRequest->handle()
#36 C:\\TDTU\\HK4\\Web\\CK_WEB\\vendor\\laravel\\framework\\src\\Illuminate\\Pipeline\\Pipeline.php(183): Illuminate\\Foundation\\Http\\Middleware\\TrimStrings->handle()
#37 C:\\TDTU\\HK4\\Web\\CK_WEB\\vendor\\laravel\\framework\\src\\Illuminate\\Http\\Middleware\\ValidatePostSize.php(27): Illuminate\\Pipeline\\Pipeline->Illuminate\\Pipeline\\{closure}()
#38 C:\\TDTU\\HK4\\Web\\CK_WEB\\vendor\\laravel\\framework\\src\\Illuminate\\Pipeline\\Pipeline.php(183): Illuminate\\Http\\Middleware\\ValidatePostSize->handle()
#39 C:\\TDTU\\HK4\\Web\\CK_WEB\\vendor\\laravel\\framework\\src\\Illuminate\\Foundation\\Http\\Middleware\\PreventRequestsDuringMaintenance.php(110): Illuminate\\Pipeline\\Pipeline->Illuminate\\Pipeline\\{closure}()
#40 C:\\TDTU\\HK4\\Web\\CK_WEB\\vendor\\laravel\\framework\\src\\Illuminate\\Pipeline\\Pipeline.php(183): Illuminate\\Foundation\\Http\\Middleware\\PreventRequestsDuringMaintenance->handle()
#41 C:\\TDTU\\HK4\\Web\\CK_WEB\\vendor\\laravel\\framework\\src\\Illuminate\\Http\\Middleware\\HandleCors.php(49): Illuminate\\Pipeline\\Pipeline->Illuminate\\Pipeline\\{closure}()
#42 C:\\TDTU\\HK4\\Web\\CK_WEB\\vendor\\laravel\\framework\\src\\Illuminate\\Pipeline\\Pipeline.php(183): Illuminate\\Http\\Middleware\\HandleCors->handle()
#43 C:\\TDTU\\HK4\\Web\\CK_WEB\\vendor\\laravel\\framework\\src\\Illuminate\\Http\\Middleware\\TrustProxies.php(57): Illuminate\\Pipeline\\Pipeline->Illuminate\\Pipeline\\{closure}()
#44 C:\\TDTU\\HK4\\Web\\CK_WEB\\vendor\\laravel\\framework\\src\\Illuminate\\Pipeline\\Pipeline.php(183): Illuminate\\Http\\Middleware\\TrustProxies->handle()
#45 C:\\TDTU\\HK4\\Web\\CK_WEB\\vendor\\laravel\\framework\\src\\Illuminate\\Pipeline\\Pipeline.php(119): Illuminate\\Pipeline\\Pipeline->Illuminate\\Pipeline\\{closure}()
#46 C:\\TDTU\\HK4\\Web\\CK_WEB\\vendor\\laravel\\framework\\src\\Illuminate\\Foundation\\Http\\Kernel.php(175): Illuminate\\Pipeline\\Pipeline->then()
#47 C:\\TDTU\\HK4\\Web\\CK_WEB\\vendor\\laravel\\framework\\src\\Illuminate\\Foundation\\Http\\Kernel.php(144): Illuminate\\Foundation\\Http\\Kernel->sendRequestThroughRouter()
#48 C:\\TDTU\\HK4\\Web\\CK_WEB\\vendor\\laravel\\framework\\src\\Illuminate\\Foundation\\Application.php(1168): Illuminate\\Foundation\\Http\\Kernel->handle()
#49 C:\\TDTU\\HK4\\Web\\CK_WEB\\public\\index.php(15): Illuminate\\Foundation\\Application->handleRequest()
#50 C:\\TDTU\\HK4\\Web\\CK_WEB\\vendor\\laravel\\framework\\src\\Illuminate\\Foundation\\resources\\server.php(16): require_once('...')
#51 {main}
"} 
[2024-04-29 10:46:03] local.ERROR: Command "migration" is not defined.

Did you mean one of these?
    make:migration
    migrate
    migrate:fresh
    migrate:install
    migrate:refresh
    migrate:reset
    migrate:rollback
    migrate:status {"exception":"[object] (Symfony\\Component\\Console\\Exception\\CommandNotFoundException(code: 0): Command \"migration\" is not defined.

Did you mean one of these?
    make:migration
    migrate
    migrate:fresh
    migrate:install
    migrate:refresh
    migrate:reset
    migrate:rollback
    migrate:status at C:\\TDTU\\HK4\\Web\\CK_WEB\\vendor\\symfony\\console\\Application.php:704)
[stacktrace]
#0 C:\\TDTU\\HK4\\Web\\CK_WEB\\vendor\\symfony\\console\\Application.php(260): Symfony\\Component\\Console\\Application->find()
#1 C:\\TDTU\\HK4\\Web\\CK_WEB\\vendor\\symfony\\console\\Application.php(169): Symfony\\Component\\Console\\Application->doRun()
#2 C:\\TDTU\\HK4\\Web\\CK_WEB\\vendor\\laravel\\framework\\src\\Illuminate\\Foundation\\Console\\Kernel.php(196): Symfony\\Component\\Console\\Application->run()
#3 C:\\TDTU\\HK4\\Web\\CK_WEB\\vendor\\laravel\\framework\\src\\Illuminate\\Foundation\\Application.php(1183): Illuminate\\Foundation\\Console\\Kernel->handle()
#4 C:\\TDTU\\HK4\\Web\\CK_WEB\\artisan(13): Illuminate\\Foundation\\Application->handleCommand()
#5 {main}
"} 
[2024-04-29 10:46:14] local.ERROR: Please provide a valid cache path. {"exception":"[object] (InvalidArgumentException(code: 0): Please provide a valid cache path. at C:\\TDTU\\HK4\\Web\\CK_WEB\\vendor\\laravel\\framework\\src\\Illuminate\\View\\Compilers\\Compiler.php:67)
[stacktrace]
#0 C:\\TDTU\\HK4\\Web\\CK_WEB\\vendor\\laravel\\framework\\src\\Illuminate\\View\\ViewServiceProvider.php(96): Illuminate\\View\\Compilers\\Compiler->__construct()
#1 C:\\TDTU\\HK4\\Web\\CK_WEB\\vendor\\laravel\\framework\\src\\Illuminate\\Container\\Container.php(900): Illuminate\\View\\ViewServiceProvider->Illuminate\\View\\{closure}()
#2 C:\\TDTU\\HK4\\Web\\CK_WEB\\vendor\\laravel\\framework\\src\\Illuminate\\Container\\Container.php(787): Illuminate\\Container\\Container->build()
#3 C:\\TDTU\\HK4\\Web\\CK_WEB\\vendor\\laravel\\framework\\src\\Illuminate\\Foundation\\Application.php(1026): Illuminate\\Container\\Container->resolve()
#4 C:\\TDTU\\HK4\\Web\\CK_WEB\\vendor\\laravel\\framework\\src\\Illuminate\\Container\\Container.php(723): Illuminate\\Foundation\\Application->resolve()
#5 C:\\TDTU\\HK4\\Web\\CK_WEB\\vendor\\laravel\\framework\\src\\Illuminate\\Foundation\\Application.php(1011): Illuminate\\Container\\Container->make()
#6 C:\\TDTU\\HK4\\Web\\CK_WEB\\vendor\\laravel\\framework\\src\\Illuminate\\Container\\Container.php(1446): Illuminate\\Foundation\\Application->make()
#7 C:\\TDTU\\HK4\\Web\\CK_WEB\\vendor\\laravel\\framework\\src\\Illuminate\\View\\ViewServiceProvider.php(164): Illuminate\\Container\\Container->offsetGet()
#8 [internal function]: Illuminate\\View\\ViewServiceProvider->Illuminate\\View\\{closure}()
#9 C:\\TDTU\\HK4\\Web\\CK_WEB\\vendor\\laravel\\framework\\src\\Illuminate\\View\\Engines\\EngineResolver.php(55): call_user_func()
#10 C:\\TDTU\\HK4\\Web\\CK_WEB\\vendor\\laravel\\framework\\src\\Illuminate\\View\\Factory.php(326): Illuminate\\View\\Engines\\EngineResolver->resolve()
#11 C:\\TDTU\\HK4\\Web\\CK_WEB\\vendor\\laravel\\framework\\src\\Illuminate\\View\\Factory.php(288): Illuminate\\View\\Factory->getEngineFromPath()
#12 C:\\TDTU\\HK4\\Web\\CK_WEB\\vendor\\laravel\\framework\\src\\Illuminate\\View\\Factory.php(160): Illuminate\\View\\Factory->viewInstance()
#13 C:\\TDTU\\HK4\\Web\\CK_WEB\\vendor\\laravel\\framework\\src\\Illuminate\\Routing\\ResponseFactory.php(88): Illuminate\\View\\Factory->make()
#14 C:\\TDTU\\HK4\\Web\\CK_WEB\\vendor\\laravel\\framework\\src\\Illuminate\\Foundation\\Exceptions\\Handler.php(879): Illuminate\\Routing\\ResponseFactory->view()
#15 C:\\TDTU\\HK4\\Web\\CK_WEB\\vendor\\laravel\\framework\\src\\Illuminate\\Foundation\\Exceptions\\Handler.php(806): Illuminate\\Foundation\\Exceptions\\Handler->renderHttpException()
#16 C:\\TDTU\\HK4\\Web\\CK_WEB\\vendor\\laravel\\framework\\src\\Illuminate\\Foundation\\Exceptions\\Handler.php(697): Illuminate\\Foundation\\Exceptions\\Handler->prepareResponse()
#17 C:\\TDTU\\HK4\\Web\\CK_WEB\\vendor\\laravel\\framework\\src\\Illuminate\\Foundation\\Exceptions\\Handler.php(586): Illuminate\\Foundation\\Exceptions\\Handler->renderExceptionResponse()
#18 C:\\TDTU\\HK4\\Web\\CK_WEB\\vendor\\laravel\\framework\\src\\Illuminate\\Routing\\Pipeline.php(51): Illuminate\\Foundation\\Exceptions\\Handler->render()
#19 C:\\TDTU\\HK4\\Web\\CK_WEB\\vendor\\laravel\\framework\\src\\Illuminate\\Pipeline\\Pipeline.php(146): Illuminate\\Routing\\Pipeline->handleException()
#20 C:\\TDTU\\HK4\\Web\\CK_WEB\\vendor\\laravel\\framework\\src\\Illuminate\\Foundation\\Http\\Middleware\\TransformsRequest.php(21): Illuminate\\Pipeline\\Pipeline->Illuminate\\Pipeline\\{closure}()
#21 C:\\TDTU\\HK4\\Web\\CK_WEB\\vendor\\laravel\\framework\\src\\Illuminate\\Foundation\\Http\\Middleware\\ConvertEmptyStringsToNull.php(31): Illuminate\\Foundation\\Http\\Middleware\\TransformsRequest->handle()
#22 C:\\TDTU\\HK4\\Web\\CK_WEB\\vendor\\laravel\\framework\\src\\Illuminate\\Pipeline\\Pipeline.php(183): Illuminate\\Foundation\\Http\\Middleware\\ConvertEmptyStringsToNull->handle()
#23 C:\\TDTU\\HK4\\Web\\CK_WEB\\vendor\\laravel\\framework\\src\\Illuminate\\Foundation\\Http\\Middleware\\TransformsRequest.php(21): Illuminate\\Pipeline\\Pipeline->Illuminate\\Pipeline\\{closure}()
#24 C:\\TDTU\\HK4\\Web\\CK_WEB\\vendor\\laravel\\framework\\src\\Illuminate\\Foundation\\Http\\Middleware\\TrimStrings.php(51): Illuminate\\Foundation\\Http\\Middleware\\TransformsRequest->handle()
#25 C:\\TDTU\\HK4\\Web\\CK_WEB\\vendor\\laravel\\framework\\src\\Illuminate\\Pipeline\\Pipeline.php(183): Illuminate\\Foundation\\Http\\Middleware\\TrimStrings->handle()
#26 C:\\TDTU\\HK4\\Web\\CK_WEB\\vendor\\laravel\\framework\\src\\Illuminate\\Http\\Middleware\\ValidatePostSize.php(27): Illuminate\\Pipeline\\Pipeline->Illuminate\\Pipeline\\{closure}()
#27 C:\\TDTU\\HK4\\Web\\CK_WEB\\vendor\\laravel\\framework\\src\\Illuminate\\Pipeline\\Pipeline.php(183): Illuminate\\Http\\Middleware\\ValidatePostSize->handle()
#28 C:\\TDTU\\HK4\\Web\\CK_WEB\\vendor\\laravel\\framework\\src\\Illuminate\\Foundation\\Http\\Middleware\\PreventRequestsDuringMaintenance.php(110): Illuminate\\Pipeline\\Pipeline->Illuminate\\Pipeline\\{closure}()
#29 C:\\TDTU\\HK4\\Web\\CK_WEB\\vendor\\laravel\\framework\\src\\Illuminate\\Pipeline\\Pipeline.php(183): Illuminate\\Foundation\\Http\\Middleware\\PreventRequestsDuringMaintenance->handle()
#30 C:\\TDTU\\HK4\\Web\\CK_WEB\\vendor\\laravel\\framework\\src\\Illuminate\\Http\\Middleware\\HandleCors.php(49): Illuminate\\Pipeline\\Pipeline->Illuminate\\Pipeline\\{closure}()
#31 C:\\TDTU\\HK4\\Web\\CK_WEB\\vendor\\laravel\\framework\\src\\Illuminate\\Pipeline\\Pipeline.php(183): Illuminate\\Http\\Middleware\\HandleCors->handle()
#32 C:\\TDTU\\HK4\\Web\\CK_WEB\\vendor\\laravel\\framework\\src\\Illuminate\\Http\\Middleware\\TrustProxies.php(57): Illuminate\\Pipeline\\Pipeline->Illuminate\\Pipeline\\{closure}()
#33 C:\\TDTU\\HK4\\Web\\CK_WEB\\vendor\\laravel\\framework\\src\\Illuminate\\Pipeline\\Pipeline.php(183): Illuminate\\Http\\Middleware\\TrustProxies->handle()
#34 C:\\TDTU\\HK4\\Web\\CK_WEB\\vendor\\laravel\\framework\\src\\Illuminate\\Pipeline\\Pipeline.php(119): Illuminate\\Pipeline\\Pipeline->Illuminate\\Pipeline\\{closure}()
#35 C:\\TDTU\\HK4\\Web\\CK_WEB\\vendor\\laravel\\framework\\src\\Illuminate\\Foundation\\Http\\Kernel.php(175): Illuminate\\Pipeline\\Pipeline->then()
#36 C:\\TDTU\\HK4\\Web\\CK_WEB\\vendor\\laravel\\framework\\src\\Illuminate\\Foundation\\Http\\Kernel.php(144): Illuminate\\Foundation\\Http\\Kernel->sendRequestThroughRouter()
#37 C:\\TDTU\\HK4\\Web\\CK_WEB\\vendor\\laravel\\framework\\src\\Illuminate\\Foundation\\Application.php(1168): Illuminate\\Foundation\\Http\\Kernel->handle()
#38 C:\\TDTU\\HK4\\Web\\CK_WEB\\public\\index.php(15): Illuminate\\Foundation\\Application->handleRequest()
#39 C:\\TDTU\\HK4\\Web\\CK_WEB\\vendor\\laravel\\framework\\src\\Illuminate\\Foundation\\resources\\server.php(16): require_once('...')
#40 {main}
"} 
[2024-04-29 10:46:35] local.ERROR: Please provide a valid cache path. {"exception":"[object] (InvalidArgumentException(code: 0): Please provide a valid cache path. at C:\\TDTU\\HK4\\Web\\CK_WEB\\vendor\\laravel\\framework\\src\\Illuminate\\View\\Compilers\\Compiler.php:67)
[stacktrace]
#0 C:\\TDTU\\HK4\\Web\\CK_WEB\\vendor\\laravel\\framework\\src\\Illuminate\\View\\ViewServiceProvider.php(96): Illuminate\\View\\Compilers\\Compiler->__construct()
#1 C:\\TDTU\\HK4\\Web\\CK_WEB\\vendor\\laravel\\framework\\src\\Illuminate\\Container\\Container.php(900): Illuminate\\View\\ViewServiceProvider->Illuminate\\View\\{closure}()
#2 C:\\TDTU\\HK4\\Web\\CK_WEB\\vendor\\laravel\\framework\\src\\Illuminate\\Container\\Container.php(787): Illuminate\\Container\\Container->build()
#3 C:\\TDTU\\HK4\\Web\\CK_WEB\\vendor\\laravel\\framework\\src\\Illuminate\\Foundation\\Application.php(1026): Illuminate\\Container\\Container->resolve()
#4 C:\\TDTU\\HK4\\Web\\CK_WEB\\vendor\\laravel\\framework\\src\\Illuminate\\Container\\Container.php(723): Illuminate\\Foundation\\Application->resolve()
#5 C:\\TDTU\\HK4\\Web\\CK_WEB\\vendor\\laravel\\framework\\src\\Illuminate\\Foundation\\Application.php(1011): Illuminate\\Container\\Container->make()
#6 C:\\TDTU\\HK4\\Web\\CK_WEB\\vendor\\laravel\\framework\\src\\Illuminate\\Container\\Container.php(1446): Illuminate\\Foundation\\Application->make()
#7 C:\\TDTU\\HK4\\Web\\CK_WEB\\vendor\\laravel\\framework\\src\\Illuminate\\View\\ViewServiceProvider.php(164): Illuminate\\Container\\Container->offsetGet()
#8 [internal function]: Illuminate\\View\\ViewServiceProvider->Illuminate\\View\\{closure}()
#9 C:\\TDTU\\HK4\\Web\\CK_WEB\\vendor\\laravel\\framework\\src\\Illuminate\\View\\Engines\\EngineResolver.php(55): call_user_func()
#10 C:\\TDTU\\HK4\\Web\\CK_WEB\\vendor\\laravel\\framework\\src\\Illuminate\\View\\Factory.php(326): Illuminate\\View\\Engines\\EngineResolver->resolve()
#11 C:\\TDTU\\HK4\\Web\\CK_WEB\\vendor\\laravel\\framework\\src\\Illuminate\\View\\Factory.php(288): Illuminate\\View\\Factory->getEngineFromPath()
#12 C:\\TDTU\\HK4\\Web\\CK_WEB\\vendor\\laravel\\framework\\src\\Illuminate\\View\\Factory.php(136): Illuminate\\View\\Factory->viewInstance()
#13 C:\\TDTU\\HK4\\Web\\CK_WEB\\vendor\\laravel\\framework\\src\\Illuminate\\Support\\Facades\\Facade.php(357): Illuminate\\View\\Factory->file()
#14 C:\\TDTU\\HK4\\Web\\CK_WEB\\vendor\\laravel\\framework\\src\\Illuminate\\Foundation\\Configuration\\ApplicationBuilder.php(201): Illuminate\\Support\\Facades\\Facade::__callStatic()
#15 C:\\TDTU\\HK4\\Web\\CK_WEB\\vendor\\laravel\\framework\\src\\Illuminate\\Routing\\CallableDispatcher.php(40): Illuminate\\Foundation\\Configuration\\ApplicationBuilder->Illuminate\\Foundation\\Configuration\\{closure}()
#16 C:\\TDTU\\HK4\\Web\\CK_WEB\\vendor\\laravel\\framework\\src\\Illuminate\\Routing\\Route.php(238): Illuminate\\Routing\\CallableDispatcher->dispatch()
#17 C:\\TDTU\\HK4\\Web\\CK_WEB\\vendor\\laravel\\framework\\src\\Illuminate\\Routing\\Route.php(209): Illuminate\\Routing\\Route->runCallable()
#18 C:\\TDTU\\HK4\\Web\\CK_WEB\\vendor\\laravel\\framework\\src\\Illuminate\\Routing\\Router.php(806): Illuminate\\Routing\\Route->run()
#19 C:\\TDTU\\HK4\\Web\\CK_WEB\\vendor\\laravel\\framework\\src\\Illuminate\\Pipeline\\Pipeline.php(144): Illuminate\\Routing\\Router->Illuminate\\Routing\\{closure}()
#20 C:\\TDTU\\HK4\\Web\\CK_WEB\\vendor\\laravel\\framework\\src\\Illuminate\\Routing\\Middleware\\SubstituteBindings.php(50): Illuminate\\Pipeline\\Pipeline->Illuminate\\Pipeline\\{closure}()
#21 C:\\TDTU\\HK4\\Web\\CK_WEB\\vendor\\laravel\\framework\\src\\Illuminate\\Pipeline\\Pipeline.php(183): Illuminate\\Routing\\Middleware\\SubstituteBindings->handle()
#22 C:\\TDTU\\HK4\\Web\\CK_WEB\\vendor\\laravel\\framework\\src\\Illuminate\\Foundation\\Http\\Middleware\\VerifyCsrfToken.php(88): Illuminate\\Pipeline\\Pipeline->Illuminate\\Pipeline\\{closure}()
#23 C:\\TDTU\\HK4\\Web\\CK_WEB\\vendor\\laravel\\framework\\src\\Illuminate\\Pipeline\\Pipeline.php(183): Illuminate\\Foundation\\Http\\Middleware\\VerifyCsrfToken->handle()
#24 C:\\TDTU\\HK4\\Web\\CK_WEB\\vendor\\laravel\\framework\\src\\Illuminate\\View\\Middleware\\ShareErrorsFromSession.php(49): Illuminate\\Pipeline\\Pipeline->Illuminate\\Pipeline\\{closure}()
#25 C:\\TDTU\\HK4\\Web\\CK_WEB\\vendor\\laravel\\framework\\src\\Illuminate\\Pipeline\\Pipeline.php(183): Illuminate\\View\\Middleware\\ShareErrorsFromSession->handle()
#26 C:\\TDTU\\HK4\\Web\\CK_WEB\\vendor\\laravel\\framework\\src\\Illuminate\\Session\\Middleware\\StartSession.php(121): Illuminate\\Pipeline\\Pipeline->Illuminate\\Pipeline\\{closure}()
#27 C:\\TDTU\\HK4\\Web\\CK_WEB\\vendor\\laravel\\framework\\src\\Illuminate\\Session\\Middleware\\StartSession.php(64): Illuminate\\Session\\Middleware\\StartSession->handleStatefulRequest()
#28 C:\\TDTU\\HK4\\Web\\CK_WEB\\vendor\\laravel\\framework\\src\\Illuminate\\Pipeline\\Pipeline.php(183): Illuminate\\Session\\Middleware\\StartSession->handle()
#29 C:\\TDTU\\HK4\\Web\\CK_WEB\\vendor\\laravel\\framework\\src\\Illuminate\\Cookie\\Middleware\\AddQueuedCookiesToResponse.php(37): Illuminate\\Pipeline\\Pipeline->Illuminate\\Pipeline\\{closure}()
#30 C:\\TDTU\\HK4\\Web\\CK_WEB\\vendor\\laravel\\framework\\src\\Illuminate\\Pipeline\\Pipeline.php(183): Illuminate\\Cookie\\Middleware\\AddQueuedCookiesToResponse->handle()
#31 C:\\TDTU\\HK4\\Web\\CK_WEB\\vendor\\laravel\\framework\\src\\Illuminate\\Cookie\\Middleware\\EncryptCookies.php(75): Illuminate\\Pipeline\\Pipeline->Illuminate\\Pipeline\\{closure}()
#32 C:\\TDTU\\HK4\\Web\\CK_WEB\\vendor\\laravel\\framework\\src\\Illuminate\\Pipeline\\Pipeline.php(183): Illuminate\\Cookie\\Middleware\\EncryptCookies->handle()
#33 C:\\TDTU\\HK4\\Web\\CK_WEB\\vendor\\laravel\\framework\\src\\Illuminate\\Pipeline\\Pipeline.php(119): Illuminate\\Pipeline\\Pipeline->Illuminate\\Pipeline\\{closure}()
#34 C:\\TDTU\\HK4\\Web\\CK_WEB\\vendor\\laravel\\framework\\src\\Illuminate\\Routing\\Router.php(805): Illuminate\\Pipeline\\Pipeline->then()
#35 C:\\TDTU\\HK4\\Web\\CK_WEB\\vendor\\laravel\\framework\\src\\Illuminate\\Routing\\Router.php(784): Illuminate\\Routing\\Router->runRouteWithinStack()
#36 C:\\TDTU\\HK4\\Web\\CK_WEB\\vendor\\laravel\\framework\\src\\Illuminate\\Routing\\Router.php(748): Illuminate\\Routing\\Router->runRoute()
#37 C:\\TDTU\\HK4\\Web\\CK_WEB\\vendor\\laravel\\framework\\src\\Illuminate\\Routing\\Router.php(737): Illuminate\\Routing\\Router->dispatchToRoute()
#38 C:\\TDTU\\HK4\\Web\\CK_WEB\\vendor\\laravel\\framework\\src\\Illuminate\\Foundation\\Http\\Kernel.php(200): Illuminate\\Routing\\Router->dispatch()
#39 C:\\TDTU\\HK4\\Web\\CK_WEB\\vendor\\laravel\\framework\\src\\Illuminate\\Pipeline\\Pipeline.php(144): Illuminate\\Foundation\\Http\\Kernel->Illuminate\\Foundation\\Http\\{closure}()
#40 C:\\TDTU\\HK4\\Web\\CK_WEB\\vendor\\laravel\\framework\\src\\Illuminate\\Foundation\\Http\\Middleware\\TransformsRequest.php(21): Illuminate\\Pipeline\\Pipeline->Illuminate\\Pipeline\\{closure}()
#41 C:\\TDTU\\HK4\\Web\\CK_WEB\\vendor\\laravel\\framework\\src\\Illuminate\\Foundation\\Http\\Middleware\\ConvertEmptyStringsToNull.php(31): Illuminate\\Foundation\\Http\\Middleware\\TransformsRequest->handle()
#42 C:\\TDTU\\HK4\\Web\\CK_WEB\\vendor\\laravel\\framework\\src\\Illuminate\\Pipeline\\Pipeline.php(183): Illuminate\\Foundation\\Http\\Middleware\\ConvertEmptyStringsToNull->handle()
#43 C:\\TDTU\\HK4\\Web\\CK_WEB\\vendor\\laravel\\framework\\src\\Illuminate\\Foundation\\Http\\Middleware\\TransformsRequest.php(21): Illuminate\\Pipeline\\Pipeline->Illuminate\\Pipeline\\{closure}()
#44 C:\\TDTU\\HK4\\Web\\CK_WEB\\vendor\\laravel\\framework\\src\\Illuminate\\Foundation\\Http\\Middleware\\TrimStrings.php(51): Illuminate\\Foundation\\Http\\Middleware\\TransformsRequest->handle()
#45 C:\\TDTU\\HK4\\Web\\CK_WEB\\vendor\\laravel\\framework\\src\\Illuminate\\Pipeline\\Pipeline.php(183): Illuminate\\Foundation\\Http\\Middleware\\TrimStrings->handle()
#46 C:\\TDTU\\HK4\\Web\\CK_WEB\\vendor\\laravel\\framework\\src\\Illuminate\\Http\\Middleware\\ValidatePostSize.php(27): Illuminate\\Pipeline\\Pipeline->Illuminate\\Pipeline\\{closure}()
#47 C:\\TDTU\\HK4\\Web\\CK_WEB\\vendor\\laravel\\framework\\src\\Illuminate\\Pipeline\\Pipeline.php(183): Illuminate\\Http\\Middleware\\ValidatePostSize->handle()
#48 C:\\TDTU\\HK4\\Web\\CK_WEB\\vendor\\laravel\\framework\\src\\Illuminate\\Foundation\\Http\\Middleware\\PreventRequestsDuringMaintenance.php(110): Illuminate\\Pipeline\\Pipeline->Illuminate\\Pipeline\\{closure}()
#49 C:\\TDTU\\HK4\\Web\\CK_WEB\\vendor\\laravel\\framework\\src\\Illuminate\\Pipeline\\Pipeline.php(183): Illuminate\\Foundation\\Http\\Middleware\\PreventRequestsDuringMaintenance->handle()
#50 C:\\TDTU\\HK4\\Web\\CK_WEB\\vendor\\laravel\\framework\\src\\Illuminate\\Http\\Middleware\\HandleCors.php(49): Illuminate\\Pipeline\\Pipeline->Illuminate\\Pipeline\\{closure}()
#51 C:\\TDTU\\HK4\\Web\\CK_WEB\\vendor\\laravel\\framework\\src\\Illuminate\\Pipeline\\Pipeline.php(183): Illuminate\\Http\\Middleware\\HandleCors->handle()
#52 C:\\TDTU\\HK4\\Web\\CK_WEB\\vendor\\laravel\\framework\\src\\Illuminate\\Http\\Middleware\\TrustProxies.php(57): Illuminate\\Pipeline\\Pipeline->Illuminate\\Pipeline\\{closure}()
#53 C:\\TDTU\\HK4\\Web\\CK_WEB\\vendor\\laravel\\framework\\src\\Illuminate\\Pipeline\\Pipeline.php(183): Illuminate\\Http\\Middleware\\TrustProxies->handle()
#54 C:\\TDTU\\HK4\\Web\\CK_WEB\\vendor\\laravel\\framework\\src\\Illuminate\\Pipeline\\Pipeline.php(119): Illuminate\\Pipeline\\Pipeline->Illuminate\\Pipeline\\{closure}()
#55 C:\\TDTU\\HK4\\Web\\CK_WEB\\vendor\\laravel\\framework\\src\\Illuminate\\Foundation\\Http\\Kernel.php(175): Illuminate\\Pipeline\\Pipeline->then()
#56 C:\\TDTU\\HK4\\Web\\CK_WEB\\vendor\\laravel\\framework\\src\\Illuminate\\Foundation\\Http\\Kernel.php(144): Illuminate\\Foundation\\Http\\Kernel->sendRequestThroughRouter()
#57 C:\\TDTU\\HK4\\Web\\CK_WEB\\vendor\\laravel\\framework\\src\\Illuminate\\Foundation\\Application.php(1168): Illuminate\\Foundation\\Http\\Kernel->handle()
#58 C:\\TDTU\\HK4\\Web\\CK_WEB\\public\\index.php(15): Illuminate\\Foundation\\Application->handleRequest()
#59 C:\\TDTU\\HK4\\Web\\CK_WEB\\vendor\\laravel\\framework\\src\\Illuminate\\Foundation\\resources\\server.php(16): require_once('...')
#60 {main}
"} 
[2024-04-29 10:46:49] local.ERROR: Please provide a valid cache path. {"exception":"[object] (InvalidArgumentException(code: 0): Please provide a valid cache path. at C:\\TDTU\\HK4\\Web\\CK_WEB\\vendor\\laravel\\framework\\src\\Illuminate\\View\\Compilers\\Compiler.php:67)
[stacktrace]
#0 C:\\TDTU\\HK4\\Web\\CK_WEB\\vendor\\laravel\\framework\\src\\Illuminate\\View\\ViewServiceProvider.php(96): Illuminate\\View\\Compilers\\Compiler->__construct()
#1 C:\\TDTU\\HK4\\Web\\CK_WEB\\vendor\\laravel\\framework\\src\\Illuminate\\Container\\Container.php(900): Illuminate\\View\\ViewServiceProvider->Illuminate\\View\\{closure}()
#2 C:\\TDTU\\HK4\\Web\\CK_WEB\\vendor\\laravel\\framework\\src\\Illuminate\\Container\\Container.php(787): Illuminate\\Container\\Container->build()
#3 C:\\TDTU\\HK4\\Web\\CK_WEB\\vendor\\laravel\\framework\\src\\Illuminate\\Foundation\\Application.php(1026): Illuminate\\Container\\Container->resolve()
#4 C:\\TDTU\\HK4\\Web\\CK_WEB\\vendor\\laravel\\framework\\src\\Illuminate\\Container\\Container.php(723): Illuminate\\Foundation\\Application->resolve()
#5 C:\\TDTU\\HK4\\Web\\CK_WEB\\vendor\\laravel\\framework\\src\\Illuminate\\Foundation\\Application.php(1011): Illuminate\\Container\\Container->make()
#6 C:\\TDTU\\HK4\\Web\\CK_WEB\\vendor\\laravel\\framework\\src\\Illuminate\\Container\\Container.php(1446): Illuminate\\Foundation\\Application->make()
#7 C:\\TDTU\\HK4\\Web\\CK_WEB\\vendor\\laravel\\framework\\src\\Illuminate\\View\\ViewServiceProvider.php(164): Illuminate\\Container\\Container->offsetGet()
#8 [internal function]: Illuminate\\View\\ViewServiceProvider->Illuminate\\View\\{closure}()
#9 C:\\TDTU\\HK4\\Web\\CK_WEB\\vendor\\laravel\\framework\\src\\Illuminate\\View\\Engines\\EngineResolver.php(55): call_user_func()
#10 C:\\TDTU\\HK4\\Web\\CK_WEB\\vendor\\laravel\\framework\\src\\Illuminate\\View\\Factory.php(326): Illuminate\\View\\Engines\\EngineResolver->resolve()
#11 C:\\TDTU\\HK4\\Web\\CK_WEB\\vendor\\laravel\\framework\\src\\Illuminate\\View\\Factory.php(288): Illuminate\\View\\Factory->getEngineFromPath()
#12 C:\\TDTU\\HK4\\Web\\CK_WEB\\vendor\\laravel\\framework\\src\\Illuminate\\View\\Factory.php(160): Illuminate\\View\\Factory->viewInstance()
#13 C:\\TDTU\\HK4\\Web\\CK_WEB\\vendor\\laravel\\framework\\src\\Illuminate\\Routing\\ResponseFactory.php(88): Illuminate\\View\\Factory->make()
#14 C:\\TDTU\\HK4\\Web\\CK_WEB\\vendor\\laravel\\framework\\src\\Illuminate\\Foundation\\Exceptions\\Handler.php(879): Illuminate\\Routing\\ResponseFactory->view()
#15 C:\\TDTU\\HK4\\Web\\CK_WEB\\vendor\\laravel\\framework\\src\\Illuminate\\Foundation\\Exceptions\\Handler.php(806): Illuminate\\Foundation\\Exceptions\\Handler->renderHttpException()
#16 C:\\TDTU\\HK4\\Web\\CK_WEB\\vendor\\laravel\\framework\\src\\Illuminate\\Foundation\\Exceptions\\Handler.php(697): Illuminate\\Foundation\\Exceptions\\Handler->prepareResponse()
#17 C:\\TDTU\\HK4\\Web\\CK_WEB\\vendor\\laravel\\framework\\src\\Illuminate\\Foundation\\Exceptions\\Handler.php(586): Illuminate\\Foundation\\Exceptions\\Handler->renderExceptionResponse()
#18 C:\\TDTU\\HK4\\Web\\CK_WEB\\vendor\\laravel\\framework\\src\\Illuminate\\Routing\\Pipeline.php(51): Illuminate\\Foundation\\Exceptions\\Handler->render()
#19 C:\\TDTU\\HK4\\Web\\CK_WEB\\vendor\\laravel\\framework\\src\\Illuminate\\Pipeline\\Pipeline.php(146): Illuminate\\Routing\\Pipeline->handleException()
#20 C:\\TDTU\\HK4\\Web\\CK_WEB\\vendor\\laravel\\framework\\src\\Illuminate\\Foundation\\Http\\Middleware\\TransformsRequest.php(21): Illuminate\\Pipeline\\Pipeline->Illuminate\\Pipeline\\{closure}()
#21 C:\\TDTU\\HK4\\Web\\CK_WEB\\vendor\\laravel\\framework\\src\\Illuminate\\Foundation\\Http\\Middleware\\ConvertEmptyStringsToNull.php(31): Illuminate\\Foundation\\Http\\Middleware\\TransformsRequest->handle()
#22 C:\\TDTU\\HK4\\Web\\CK_WEB\\vendor\\laravel\\framework\\src\\Illuminate\\Pipeline\\Pipeline.php(183): Illuminate\\Foundation\\Http\\Middleware\\ConvertEmptyStringsToNull->handle()
#23 C:\\TDTU\\HK4\\Web\\CK_WEB\\vendor\\laravel\\framework\\src\\Illuminate\\Foundation\\Http\\Middleware\\TransformsRequest.php(21): Illuminate\\Pipeline\\Pipeline->Illuminate\\Pipeline\\{closure}()
#24 C:\\TDTU\\HK4\\Web\\CK_WEB\\vendor\\laravel\\framework\\src\\Illuminate\\Foundation\\Http\\Middleware\\TrimStrings.php(51): Illuminate\\Foundation\\Http\\Middleware\\TransformsRequest->handle()
#25 C:\\TDTU\\HK4\\Web\\CK_WEB\\vendor\\laravel\\framework\\src\\Illuminate\\Pipeline\\Pipeline.php(183): Illuminate\\Foundation\\Http\\Middleware\\TrimStrings->handle()
#26 C:\\TDTU\\HK4\\Web\\CK_WEB\\vendor\\laravel\\framework\\src\\Illuminate\\Http\\Middleware\\ValidatePostSize.php(27): Illuminate\\Pipeline\\Pipeline->Illuminate\\Pipeline\\{closure}()
#27 C:\\TDTU\\HK4\\Web\\CK_WEB\\vendor\\laravel\\framework\\src\\Illuminate\\Pipeline\\Pipeline.php(183): Illuminate\\Http\\Middleware\\ValidatePostSize->handle()
#28 C:\\TDTU\\HK4\\Web\\CK_WEB\\vendor\\laravel\\framework\\src\\Illuminate\\Foundation\\Http\\Middleware\\PreventRequestsDuringMaintenance.php(110): Illuminate\\Pipeline\\Pipeline->Illuminate\\Pipeline\\{closure}()
#29 C:\\TDTU\\HK4\\Web\\CK_WEB\\vendor\\laravel\\framework\\src\\Illuminate\\Pipeline\\Pipeline.php(183): Illuminate\\Foundation\\Http\\Middleware\\PreventRequestsDuringMaintenance->handle()
#30 C:\\TDTU\\HK4\\Web\\CK_WEB\\vendor\\laravel\\framework\\src\\Illuminate\\Http\\Middleware\\HandleCors.php(49): Illuminate\\Pipeline\\Pipeline->Illuminate\\Pipeline\\{closure}()
#31 C:\\TDTU\\HK4\\Web\\CK_WEB\\vendor\\laravel\\framework\\src\\Illuminate\\Pipeline\\Pipeline.php(183): Illuminate\\Http\\Middleware\\HandleCors->handle()
#32 C:\\TDTU\\HK4\\Web\\CK_WEB\\vendor\\laravel\\framework\\src\\Illuminate\\Http\\Middleware\\TrustProxies.php(57): Illuminate\\Pipeline\\Pipeline->Illuminate\\Pipeline\\{closure}()
#33 C:\\TDTU\\HK4\\Web\\CK_WEB\\vendor\\laravel\\framework\\src\\Illuminate\\Pipeline\\Pipeline.php(183): Illuminate\\Http\\Middleware\\TrustProxies->handle()
#34 C:\\TDTU\\HK4\\Web\\CK_WEB\\vendor\\laravel\\framework\\src\\Illuminate\\Pipeline\\Pipeline.php(119): Illuminate\\Pipeline\\Pipeline->Illuminate\\Pipeline\\{closure}()
#35 C:\\TDTU\\HK4\\Web\\CK_WEB\\vendor\\laravel\\framework\\src\\Illuminate\\Foundation\\Http\\Kernel.php(175): Illuminate\\Pipeline\\Pipeline->then()
#36 C:\\TDTU\\HK4\\Web\\CK_WEB\\vendor\\laravel\\framework\\src\\Illuminate\\Foundation\\Http\\Kernel.php(144): Illuminate\\Foundation\\Http\\Kernel->sendRequestThroughRouter()
#37 C:\\TDTU\\HK4\\Web\\CK_WEB\\vendor\\laravel\\framework\\src\\Illuminate\\Foundation\\Application.php(1168): Illuminate\\Foundation\\Http\\Kernel->handle()
#38 C:\\TDTU\\HK4\\Web\\CK_WEB\\public\\index.php(15): Illuminate\\Foundation\\Application->handleRequest()
#39 C:\\TDTU\\HK4\\Web\\CK_WEB\\vendor\\laravel\\framework\\src\\Illuminate\\Foundation\\resources\\server.php(16): require_once('...')
#40 {main}
"} 
[2024-04-29 10:47:49] local.ERROR: View path not found. {"exception":"[object] (RuntimeException(code: 0): View path not found. at C:\\TDTU\\HK4\\Web\\CK_WEB\\vendor\\laravel\\framework\\src\\Illuminate\\Foundation\\Console\\ViewClearCommand.php:59)
[stacktrace]
#0 C:\\TDTU\\HK4\\Web\\CK_WEB\\vendor\\laravel\\framework\\src\\Illuminate\\Container\\BoundMethod.php(36): Illuminate\\Foundation\\Console\\ViewClearCommand->handle()
#1 C:\\TDTU\\HK4\\Web\\CK_WEB\\vendor\\laravel\\framework\\src\\Illuminate\\Container\\Util.php(41): Illuminate\\Container\\BoundMethod::Illuminate\\Container\\{closure}()
#2 C:\\TDTU\\HK4\\Web\\CK_WEB\\vendor\\laravel\\framework\\src\\Illuminate\\Container\\BoundMethod.php(93): Illuminate\\Container\\Util::unwrapIfClosure()
#3 C:\\TDTU\\HK4\\Web\\CK_WEB\\vendor\\laravel\\framework\\src\\Illuminate\\Container\\BoundMethod.php(35): Illuminate\\Container\\BoundMethod::callBoundMethod()
#4 C:\\TDTU\\HK4\\Web\\CK_WEB\\vendor\\laravel\\framework\\src\\Illuminate\\Container\\Container.php(662): Illuminate\\Container\\BoundMethod::call()
#5 C:\\TDTU\\HK4\\Web\\CK_WEB\\vendor\\laravel\\framework\\src\\Illuminate\\Console\\Command.php(212): Illuminate\\Container\\Container->call()
#6 C:\\TDTU\\HK4\\Web\\CK_WEB\\vendor\\symfony\\console\\Command\\Command.php(279): Illuminate\\Console\\Command->execute()
#7 C:\\TDTU\\HK4\\Web\\CK_WEB\\vendor\\laravel\\framework\\src\\Illuminate\\Console\\Command.php(181): Symfony\\Component\\Console\\Command\\Command->run()
#8 C:\\TDTU\\HK4\\Web\\CK_WEB\\vendor\\symfony\\console\\Application.php(1049): Illuminate\\Console\\Command->run()
#9 C:\\TDTU\\HK4\\Web\\CK_WEB\\vendor\\symfony\\console\\Application.php(318): Symfony\\Component\\Console\\Application->doRunCommand()
#10 C:\\TDTU\\HK4\\Web\\CK_WEB\\vendor\\symfony\\console\\Application.php(169): Symfony\\Component\\Console\\Application->doRun()
#11 C:\\TDTU\\HK4\\Web\\CK_WEB\\vendor\\laravel\\framework\\src\\Illuminate\\Foundation\\Console\\Kernel.php(196): Symfony\\Component\\Console\\Application->run()
#12 C:\\TDTU\\HK4\\Web\\CK_WEB\\vendor\\laravel\\framework\\src\\Illuminate\\Foundation\\Application.php(1183): Illuminate\\Foundation\\Console\\Kernel->handle()
#13 C:\\TDTU\\HK4\\Web\\CK_WEB\\artisan(13): Illuminate\\Foundation\\Application->handleCommand()
#14 {main}
"} 
